2025-05-05 12:56:44,575 [INFO] Activator:176 - 


2025-05-05 12:56:44,576 [INFO] Activator:177 - !SESSION log4j initialized
2025-05-05 12:56:46,358 [ERROR] LogOutputStream:75 - [STDERR_REDIRECT] 
2025-05-05 12:56:48,532 [INFO] LogOutputStream:77 - [STDOUT_REDIRECT] 
2025-05-05 12:56:50,433 [INFO] ApplicationProperties:184 - Using Application install path: /Applications/STM32CubeIDE.app/Contents/Eclipse/plugins/com.st.stm32cube.common.mx_6.14.1.202504091515
2025-05-05 12:56:50,446 [INFO] DbMcusXml:78 - Set database path to: /Applications/STM32CubeIDE.app/Contents/Eclipse/plugins/com.st.stm32cube.common.mx_6.14.1.202504091515//db//mcu/
2025-05-05 12:56:50,446 [INFO] ApiDb:274 - Set plugin database path to: /Applications/STM32CubeIDE.app/Contents/Eclipse/plugins/com.st.stm32cube.common.mx_6.14.1.202504091515//db//plugins/boardmanager/
2025-05-05 12:56:50,447 [WARN] ApiDb:259 - Overriding images path with different value:  => /Applications/STM32CubeIDE.app/Contents/Eclipse/plugins/com.st.stm32cube.common.mx_6.14.1.202504091515//db//plugins/mcufinder/images/
2025-05-05 12:56:50,453 [INFO] ApiDb:250 - Set database path to: /var/root/.stmcufinder/plugins/mcufinder//mcu/
2025-05-05 12:56:50,454 [INFO] DbMcusAds:125 - Set database path to: /var/root/.stmcufinder/plugins/mcufinder//mcu/
2025-05-05 12:56:50,455 [INFO] CrossReferenceDbSqlite:203 - Set database path to: /var/root/.stmcufinder/plugins/mcufinder//mcu/cs/
2025-05-05 12:56:50,583 [INFO] RulesReader:64 - Compatibility file has been processed (302 Rules)
2025-05-05 12:56:50,655 [INFO] DbMcusXml:78 - Set database path to: /Applications/STM32CubeIDE.app/Contents/Eclipse/plugins/com.st.stm32cube.common.mx_6.14.1.202504091515//db//mcu/
2025-05-05 12:56:50,655 [INFO] ApiDb:274 - Set plugin database path to: /Applications/STM32CubeIDE.app/Contents/Eclipse/plugins/com.st.stm32cube.common.mx_6.14.1.202504091515//db//plugins/boardmanager/
2025-05-05 12:56:50,655 [INFO] ApiDb:261 - Set plugin images path to: /Applications/STM32CubeIDE.app/Contents/Eclipse/plugins/com.st.stm32cube.common.mx_6.14.1.202504091515//db//plugins/mcufinder/images/
2025-05-05 12:56:50,655 [WARN] DbFile:41 - Overriding database path with different value: /var/root/.stmcufinder/plugins/mcufinder/ => /var/root/.stmcufinder/plugins/mcufinder
2025-05-05 12:56:50,655 [INFO] ApiDb:250 - Set database path to: /var/root/.stmcufinder/plugins/mcufinder//mcu/
2025-05-05 12:56:50,656 [WARN] DbFile:41 - Overriding database path with different value: /var/root/.stmcufinder/plugins/mcufinder/ => /var/root/.stmcufinder/plugins/mcufinder
2025-05-05 12:56:50,656 [INFO] DbMcusAds:125 - Set database path to: /var/root/.stmcufinder/plugins/mcufinder//mcu/
2025-05-05 12:56:50,656 [WARN] DbFile:41 - Overriding database path with different value: /var/root/.stmcufinder/plugins/mcufinder/ => /var/root/.stmcufinder/plugins/mcufinder
2025-05-05 12:56:50,656 [WARN] DbFile:41 - Overriding database path with different value: /var/root/.stmcufinder/plugins/mcufinder/ => /var/root/.stmcufinder/plugins/mcufinder
2025-05-05 12:56:50,656 [INFO] CrossReferenceDbSqlite:203 - Set database path to: /var/root/.stmcufinder/plugins/mcufinder//mcu/cs/
2025-05-05 12:56:50,731 [INFO] MainPanel:272 - HeapMemory: 269484032
2025-05-05 12:56:52,101 [INFO] DbMcusXml:78 - Set database path to: /Applications/STM32CubeIDE.app/Contents/Eclipse/plugins/com.st.stm32cube.common.mx_6.14.1.202504091515//db//mcu/
2025-05-05 12:56:52,104 [INFO] ApiDb:274 - Set plugin database path to: /Applications/STM32CubeIDE.app/Contents/Eclipse/plugins/com.st.stm32cube.common.mx_6.14.1.202504091515//db//plugins/boardmanager/
2025-05-05 12:56:52,105 [INFO] ApiDb:261 - Set plugin images path to: /Applications/STM32CubeIDE.app/Contents/Eclipse/plugins/com.st.stm32cube.common.mx_6.14.1.202504091515//db//plugins/mcufinder/images/
2025-05-05 12:56:52,106 [WARN] DbFile:41 - Overriding database path with different value: /var/root/.stmcufinder/plugins/mcufinder/ => /var/root/.stmcufinder/plugins/mcufinder
2025-05-05 12:56:52,106 [INFO] ApiDb:250 - Set database path to: /var/root/.stmcufinder/plugins/mcufinder//mcu/
2025-05-05 12:56:52,106 [WARN] DbFile:41 - Overriding database path with different value: /var/root/.stmcufinder/plugins/mcufinder/ => /var/root/.stmcufinder/plugins/mcufinder
2025-05-05 12:56:52,106 [INFO] DbMcusAds:125 - Set database path to: /var/root/.stmcufinder/plugins/mcufinder//mcu/
2025-05-05 12:56:52,107 [WARN] DbFile:41 - Overriding database path with different value: /var/root/.stmcufinder/plugins/mcufinder/ => /var/root/.stmcufinder/plugins/mcufinder
2025-05-05 12:56:52,107 [WARN] DbFile:41 - Overriding database path with different value: /var/root/.stmcufinder/plugins/mcufinder/ => /var/root/.stmcufinder/plugins/mcufinder
2025-05-05 12:56:52,107 [INFO] CrossReferenceDbSqlite:203 - Set database path to: /var/root/.stmcufinder/plugins/mcufinder//mcu/cs/
2025-05-05 12:56:52,165 [INFO] ApplicationProperties:184 - Using Application install path: /Applications/STM32CubeIDE.app/Contents/Eclipse/plugins/com.st.stm32cube.common.mx_6.14.1.202504091515
2025-05-05 12:56:52,167 [INFO] PluginManage:196 - Search for loadable plugins [exclusion list=, ]
2025-05-05 12:56:52,170 [INFO] PluginManage:310 - Check plugin analytics
2025-05-05 12:56:52,506 [INFO] AnalyticsPlugin:253 - Accepted Software Licenses: 
2025-05-05 12:56:52,507 [INFO] AnalyticsPlugin:255 - Accepted CMSIS Pack Licenses: 
2025-05-05 12:56:52,507 [INFO] AnalyticsPlugin:257 - Accepted Firmware Licenses: 
2025-05-05 12:56:52,533 [INFO] PluginManage:359 - Loaded plugin analytics (category:tool,tabindex:-1)
2025-05-05 12:56:52,543 [INFO] PluginManage:310 - Check plugin cadmodel
2025-05-05 12:56:52,582 [INFO] CADModel:105 - Init CAD model plugin
2025-05-05 12:56:52,583 [INFO] PluginManage:359 - Loaded plugin cadmodel (category:power,tabindex:5)
2025-05-05 12:56:52,585 [INFO] PluginManage:310 - Check plugin clock
2025-05-05 12:56:52,599 [INFO] PluginManage:359 - Loaded plugin clock (category:base,tabindex:2)
2025-05-05 12:56:52,599 [INFO] PluginManage:310 - Check plugin ddr
2025-05-05 12:56:52,603 [INFO] PluginManage:359 - Loaded plugin ddr (category:tool,tabindex:6)
2025-05-05 12:56:52,604 [INFO] PluginManage:310 - Check plugin filemanager
2025-05-05 12:56:52,838 [INFO] PluginManage:359 - Loaded plugin filemanager (category:base,tabindex:10)
2025-05-05 12:56:52,839 [INFO] PluginManage:310 - Check plugin ipmanager
2025-05-05 12:56:52,849 [INFO] PluginManage:359 - Loaded plugin ipmanager (category:base,tabindex:5)
2025-05-05 12:56:52,850 [INFO] PluginManage:310 - Check plugin lpbam
2025-05-05 12:56:52,861 [INFO] PluginManage:359 - Loaded plugin lpbam (category:base,tabindex:0)
2025-05-05 12:56:52,861 [INFO] PluginManage:310 - Check plugin memorymap
2025-05-05 12:56:52,873 [INFO] PluginManage:359 - Loaded plugin memorymap (category:base,tabindex:4)
2025-05-05 12:56:52,873 [INFO] PluginManage:310 - Check plugin pinoutandconfiguration
2025-05-05 12:56:52,883 [INFO] PluginManage:359 - Loaded plugin pinoutandconfiguration (category:base,tabindex:1)
2025-05-05 12:56:52,883 [INFO] PluginManage:310 - Check plugin pinoutconfig
2025-05-05 12:56:52,974 [WARN] SupportedApi:132 - Cannot load RTOS API schema: s4s-elt-must-match.1: The content of 'definitions' must match (annotation?, (simpleType | complexType)?, (unique | key | keyref)*)). A problem was found starting at: attribute.
2025-05-05 12:56:53,122 [INFO] PluginManage:359 - Loaded plugin pinoutconfig (category:base,tabindex:0)
2025-05-05 12:56:53,123 [INFO] PluginManage:310 - Check plugin power
2025-05-05 12:56:53,136 [INFO] PluginManage:359 - Loaded plugin power (category:power,tabindex:4)
2025-05-05 12:56:53,137 [INFO] PluginManage:310 - Check plugin projectmanager
2025-05-05 12:56:53,159 [INFO] PluginManage:359 - Loaded plugin projectmanager (category:projectmanager,tabindex:4)
2025-05-05 12:56:53,160 [INFO] PluginManage:310 - Check plugin rif
2025-05-05 12:56:53,166 [INFO] PluginManage:359 - Loaded plugin rif (category:base,tabindex:3)
2025-05-05 12:56:53,166 [INFO] PluginManage:310 - Check plugin thirdparty
2025-05-05 12:56:53,330 [INFO] PluginManage:359 - Loaded plugin thirdparty (category:base,tabindex:-1)
2025-05-05 12:56:53,330 [INFO] PluginManage:310 - Check plugin tools
2025-05-05 12:56:53,330 [WARN] IntegrityCheckThread:84 - waiting for thirdparty lock release [integrity check]
2025-05-05 12:56:53,331 [INFO] IntegrityCheckThread:86 - entering critical section [integrity check]
2025-05-05 12:56:53,331 [INFO] ThirdPartyUpdaterWithRetryManager:70 - Updater plugin not ready yet. [1/15]
2025-05-05 12:56:53,332 [INFO] PluginManage:359 - Loaded plugin tools (category:base,tabindex:7)
2025-05-05 12:56:53,332 [INFO] PluginManage:310 - Check plugin tutovideos
2025-05-05 12:56:53,535 [INFO] PluginManage:359 - Loaded plugin tutovideos (category:base,tabindex:-1)
2025-05-05 12:56:53,535 [INFO] PluginManage:310 - Check plugin updater
2025-05-05 12:56:53,565 [INFO] PluginManage:359 - Loaded plugin updater (category:base,tabindex:12)
2025-05-05 12:56:53,565 [INFO] PluginManage:310 - Check plugin userauth
2025-05-05 12:56:53,570 [INFO] UserAuth:118 - Init User Auth plugin
2025-05-05 12:56:53,571 [INFO] PluginManage:359 - Loaded plugin userauth (category:base,tabindex:14)
2025-05-05 12:56:53,571 [INFO] PluginManage:283 - PluginManage : Loaded plugins [18]
2025-05-05 12:56:53,826 [INFO] PinOutPanel:1589 - setPackage(No Configuration,No Configuration)
2025-05-05 12:56:53,904 [INFO] CADModel:165 - CPN selected for project level
2025-05-05 12:56:53,904 [INFO] CADModel:114 - Register for checkConnection events
2025-05-05 12:56:53,918 [INFO] IPUIPlugin:80 - create IPUIPlugin
2025-05-05 12:56:53,920 [INFO] PluginManager:220 - loadIPPluginJar : add mdma
2025-05-05 12:56:53,930 [INFO] IPUIPlugin:80 - create IPUIPlugin
2025-05-05 12:56:53,930 [INFO] PluginManager:220 - loadIPPluginJar : add freertos
2025-05-05 12:56:53,934 [INFO] IPUIPlugin:80 - create IPUIPlugin
2025-05-05 12:56:53,934 [INFO] PluginManager:220 - loadIPPluginJar : add gic
2025-05-05 12:56:53,944 [INFO] IPUIPlugin:80 - create IPUIPlugin
2025-05-05 12:56:53,944 [INFO] PluginManager:220 - loadIPPluginJar : add adc
2025-05-05 12:56:53,947 [INFO] IPUIPlugin:80 - create IPUIPlugin
2025-05-05 12:56:53,947 [INFO] PluginManager:220 - loadIPPluginJar : add gtzc
2025-05-05 12:56:53,953 [INFO] IPUIPlugin:80 - create IPUIPlugin
2025-05-05 12:56:53,953 [INFO] PluginManager:220 - loadIPPluginJar : add quadspi
2025-05-05 12:56:53,958 [INFO] IPUIPlugin:80 - create IPUIPlugin
2025-05-05 12:56:53,958 [INFO] PluginManager:220 - loadIPPluginJar : add aes
2025-05-05 12:56:53,961 [INFO] IPUIPlugin:80 - create IPUIPlugin
2025-05-05 12:56:53,961 [INFO] PluginManager:220 - loadIPPluginJar : add pdm2pcm
2025-05-05 12:56:53,963 [INFO] IPUIPlugin:80 - create IPUIPlugin
2025-05-05 12:56:53,963 [INFO] PluginManager:220 - loadIPPluginJar : add hash
2025-05-05 12:56:53,964 [INFO] IPUIPlugin:80 - create IPUIPlugin
2025-05-05 12:56:53,964 [INFO] PluginManager:220 - loadIPPluginJar : add tim
2025-05-05 12:56:53,966 [INFO] IPUIPlugin:80 - create IPUIPlugin
2025-05-05 12:56:53,966 [INFO] PluginManager:220 - loadIPPluginJar : add tsc
2025-05-05 12:56:53,968 [INFO] IPUIPlugin:80 - create IPUIPlugin
2025-05-05 12:56:53,968 [INFO] PluginManager:220 - loadIPPluginJar : add extmemmanager
2025-05-05 12:56:53,970 [INFO] IPUIPlugin:80 - create IPUIPlugin
2025-05-05 12:56:53,970 [INFO] PluginManager:220 - loadIPPluginJar : add ts
2025-05-05 12:56:53,970 [INFO] IPUIPlugin:80 - create IPUIPlugin
2025-05-05 12:56:53,971 [INFO] PluginManager:220 - loadIPPluginJar : add radio
2025-05-05 12:56:53,972 [INFO] IPUIPlugin:80 - create IPUIPlugin
2025-05-05 12:56:53,972 [INFO] PluginManager:220 - loadIPPluginJar : add can
2025-05-05 12:56:53,974 [INFO] IPUIPlugin:80 - create IPUIPlugin
2025-05-05 12:56:53,974 [INFO] PluginManager:220 - loadIPPluginJar : add dma3
2025-05-05 12:56:53,975 [INFO] IPUIPlugin:80 - create IPUIPlugin
2025-05-05 12:56:53,975 [INFO] PluginManager:220 - loadIPPluginJar : add dfsdm
2025-05-05 12:56:53,976 [INFO] IPUIPlugin:80 - create IPUIPlugin
2025-05-05 12:56:53,976 [INFO] PluginManager:220 - loadIPPluginJar : add spi
2025-05-05 12:56:53,976 [INFO] IPUIPlugin:80 - create IPUIPlugin
2025-05-05 12:56:53,977 [INFO] PluginManager:220 - loadIPPluginJar : add gfxmmu
2025-05-05 12:56:53,978 [INFO] IPUIPlugin:80 - create IPUIPlugin
2025-05-05 12:56:53,978 [INFO] PluginManager:220 - loadIPPluginJar : add genericplugin
2025-05-05 12:56:53,979 [INFO] IPUIPlugin:80 - create IPUIPlugin
2025-05-05 12:56:53,979 [INFO] PluginManager:220 - loadIPPluginJar : add cryp
2025-05-05 12:56:53,981 [INFO] IPUIPlugin:80 - create IPUIPlugin
2025-05-05 12:56:53,981 [INFO] PluginManager:220 - loadIPPluginJar : add gpio
2025-05-05 12:56:53,983 [INFO] IPUIPlugin:80 - create IPUIPlugin
2025-05-05 12:56:53,983 [INFO] PluginManager:220 - loadIPPluginJar : add ddr_ctrl_phy
2025-05-05 12:56:53,984 [INFO] IPUIPlugin:80 - create IPUIPlugin
2025-05-05 12:56:53,985 [INFO] PluginManager:220 - loadIPPluginJar : add comp
2025-05-05 12:56:53,986 [INFO] IPUIPlugin:80 - create IPUIPlugin
2025-05-05 12:56:53,987 [INFO] PluginManager:220 - loadIPPluginJar : add tracer_emb
2025-05-05 12:56:53,988 [INFO] IPUIPlugin:80 - create IPUIPlugin
2025-05-05 12:56:53,988 [INFO] PluginManager:220 - loadIPPluginJar : add openamp
2025-05-05 12:56:53,992 [INFO] IPUIPlugin:80 - create IPUIPlugin
2025-05-05 12:56:53,992 [INFO] PluginManager:220 - loadIPPluginJar : add stm32_wpan
2025-05-05 12:56:53,995 [INFO] IPUIPlugin:80 - create IPUIPlugin
2025-05-05 12:56:53,998 [INFO] PluginManager:220 - loadIPPluginJar : add plateformsettings
2025-05-05 12:56:54,000 [INFO] IPUIPlugin:80 - create IPUIPlugin
2025-05-05 12:56:54,001 [INFO] PluginManager:220 - loadIPPluginJar : add ipddr
2025-05-05 12:56:54,002 [INFO] IPUIPlugin:80 - create IPUIPlugin
2025-05-05 12:56:54,002 [INFO] PluginManager:220 - loadIPPluginJar : add usart
2025-05-05 12:56:54,005 [INFO] IPUIPlugin:80 - create IPUIPlugin
2025-05-05 12:56:54,005 [INFO] PluginManager:220 - loadIPPluginJar : add ltdc
2025-05-05 12:56:54,013 [INFO] IPUIPlugin:80 - create IPUIPlugin
2025-05-05 12:56:54,013 [INFO] PluginManager:220 - loadIPPluginJar : add nvic
2025-05-05 12:56:54,019 [INFO] IPUIPlugin:80 - create IPUIPlugin
2025-05-05 12:56:54,019 [INFO] PluginManager:220 - loadIPPluginJar : add fatfs
2025-05-05 12:56:54,025 [INFO] IPUIPlugin:80 - create IPUIPlugin
2025-05-05 12:56:54,025 [INFO] PluginManager:220 - loadIPPluginJar : add linkedlist
2025-05-05 12:56:54,029 [INFO] IPUIPlugin:80 - create IPUIPlugin
2025-05-05 12:56:54,029 [INFO] PluginManager:220 - loadIPPluginJar : add dma
2025-05-05 12:56:54,031 [INFO] IPUIPlugin:80 - create IPUIPlugin
2025-05-05 12:56:54,032 [INFO] PluginManager:220 - loadIPPluginJar : add fmc
2025-05-05 12:56:54,033 [INFO] IPUIPlugin:80 - create IPUIPlugin
2025-05-05 12:56:54,033 [INFO] PluginManager:220 - loadIPPluginJar : add i2s
2025-05-05 12:56:54,033 [INFO] IPUIPlugin:80 - create IPUIPlugin
2025-05-05 12:56:54,034 [INFO] PluginManager:220 - loadIPPluginJar : add ucpd
2025-05-05 12:56:54,035 [INFO] IPUIPlugin:80 - create IPUIPlugin
2025-05-05 12:56:54,035 [INFO] PluginManager:220 - loadIPPluginJar : add lorawan
2025-05-05 12:56:54,036 [INFO] IPUIPlugin:80 - create IPUIPlugin
2025-05-05 12:56:54,037 [INFO] PluginManager:220 - loadIPPluginJar : add opamp
2025-05-05 12:56:54,038 [INFO] IPUIPlugin:80 - create IPUIPlugin
2025-05-05 12:56:54,038 [INFO] PluginManager:220 - loadIPPluginJar : add i3c
2025-05-05 12:56:54,039 [INFO] IPUIPlugin:80 - create IPUIPlugin
2025-05-05 12:56:54,040 [INFO] PluginManager:220 - loadIPPluginJar : add touchsensing
2025-05-05 12:56:54,041 [INFO] IPUIPlugin:80 - create IPUIPlugin
2025-05-05 12:56:54,041 [INFO] PluginManager:220 - loadIPPluginJar : add i2c
2025-05-05 12:56:54,044 [INFO] IPUIPlugin:80 - create IPUIPlugin
2025-05-05 12:56:54,045 [INFO] PluginManager:220 - loadIPPluginJar : add resmgrutility
2025-05-05 12:56:54,046 [INFO] IPUIPlugin:80 - create IPUIPlugin
2025-05-05 12:56:54,047 [INFO] PluginManager:220 - loadIPPluginJar : add sai
2025-05-05 12:56:54,048 [INFO] IPUIPlugin:80 - create IPUIPlugin
2025-05-05 12:56:54,048 [INFO] PluginManager:220 - loadIPPluginJar : add usbx
2025-05-05 12:56:54,163 [FATAL] Updater:351 - Updater called before beeing initialized
2025-05-05 12:56:54,219 [INFO] RulesReader:64 - Compatibility file has been processed (302 Rules)
2025-05-05 12:56:54,237 [INFO] RulesReader:64 - Compatibility file has been processed (302 Rules)
2025-05-05 12:56:54,248 [INFO] CADModel:165 - CPN selected for project level
2025-05-05 12:56:54,248 [INFO] CADModel:114 - Register for checkConnection events
2025-05-05 12:56:54,249 [FATAL] Updater:351 - Updater called before beeing initialized
2025-05-05 12:56:54,249 [ERROR] CADModel:125 - Updater not yet initialized, retry later 
2025-05-05 12:56:54,486 [FATAL] Updater:351 - Updater called before beeing initialized
2025-05-05 12:56:54,488 [INFO] CADModel:165 - CPN selected for project level
2025-05-05 12:56:54,488 [INFO] CADModel:114 - Register for checkConnection events
2025-05-05 12:56:54,488 [FATAL] Updater:351 - Updater called before beeing initialized
2025-05-05 12:56:54,488 [ERROR] CADModel:125 - Updater not yet initialized, retry later 
2025-05-05 12:56:54,491 [FATAL] Updater:351 - Updater called before beeing initialized
2025-05-05 12:56:54,658 [FATAL] Updater:351 - Updater called before beeing initialized
2025-05-05 12:56:54,663 [INFO] DbMcusAds:53 - JSON generation date=Thu Mar 06 09:54:22 EST 2025 (1741272862204)
2025-05-05 12:56:54,663 [FATAL] Updater:351 - Updater called before beeing initialized
2025-05-05 12:56:54,995 [WARN] DetailPanel:346 - Failed to get advertising image, set to default
2025-05-05 12:56:55,187 [FATAL] Updater:351 - Updater called before beeing initialized
2025-05-05 12:56:55,191 [FATAL] Updater:351 - Updater called before beeing initialized
2025-05-05 12:56:55,191 [FATAL] Updater:351 - Updater called before beeing initialized
2025-05-05 12:56:55,191 [WARN] DetailPanel:346 - Failed to get advertising image, set to default
2025-05-05 12:56:55,192 [FATAL] Updater:351 - Updater called before beeing initialized
2025-05-05 12:56:55,240 [ERROR] Updater:1198 - MainUpdater not yet initialized. External WinMGr cannot be set.
2025-05-05 12:56:55,248 [INFO] Updater:1134 - Updater Version found : 6.14.1
2025-05-05 12:56:55,263 [INFO] ApplicationProperties:184 - Using Application install path: /Applications/STM32CubeIDE.app/Contents/Eclipse/plugins/com.st.stm32cube.common.mx_6.14.1.202504091515
2025-05-05 12:56:55,797 [INFO] MainUpdater:2872 - connection check result : 10
2025-05-05 12:56:55,797 [INFO] MainUpdater:289 - Updater Check For Update Now.
2025-05-05 12:56:55,798 [INFO] MicroXplorer:498 - Change Database Version : DB.6.0.141
2025-05-05 12:56:55,805 [INFO] McuFinderGlobals:63 - Set McuFinder mode to 2 (CubeIDE integrated)
2025-05-05 12:56:55,807 [INFO] UserAuth:484 - Internet connection configuration mode: 1
2025-05-05 12:56:55,826 [INFO] JxBrowserEngine:152 - Initiate JxBrowser Engine with user profile folder
2025-05-05 12:56:56,038 [INFO] CheckServerUpdateThread:120 - End of CheckServer Thread
2025-05-05 12:56:56,562 [WARN] PackLoader:240 - Cannot read IP mode file for STMicroelectronics.FP-SNS-MOTENVWB1.1.4.0
2025-05-05 12:56:56,594 [WARN] PackLoader:240 - Cannot read IP mode file for STMicroelectronics.FP-ATR-ASTRA1.2.0.2
2025-05-05 12:56:56,607 [WARN] PackLoader:240 - Cannot read IP mode file for STMicroelectronics.X-CUBE-SMBUS.2.1.0
2025-05-05 12:56:56,619 [WARN] PackLoader:240 - Cannot read IP mode file for STMicroelectronics.X-CUBE-WB05N.1.1.0
2025-05-05 12:56:56,666 [WARN] PackLoader:240 - Cannot read IP mode file for STMicroelectronics.X-CUBE-AZRTOS-F7.1.1.0
2025-05-05 12:56:56,688 [WARN] PackLoader:240 - Cannot read IP mode file for STMicroelectronics.FP-SNS-FLIGHT1.5.0.2
2025-05-05 12:56:56,757 [WARN] PackLoader:240 - Cannot read IP mode file for Infineon.AIROC-Wi-Fi-Bluetooth-STM32.1.7.0
2025-05-05 12:56:56,806 [WARN] PackLoader:240 - Cannot read IP mode file for STMicroelectronics.X-CUBE-DISPLAY.3.0.0
2025-05-05 12:56:56,832 [WARN] PackLoader:240 - Cannot read IP mode file for STMicroelectronics.X-CUBE-BLE1.7.0.0
2025-05-05 12:56:56,851 [WARN] PackLoader:240 - Cannot read IP mode file for STMicroelectronics.X-CUBE-NFC10.1.0.0
2025-05-05 12:56:56,889 [WARN] PackLoader:240 - Cannot read IP mode file for STMicroelectronics.X-CUBE-BLEMGR.4.0.0
2025-05-05 12:56:56,935 [WARN] PackLoader:240 - Cannot read IP mode file for emotas.I-CUBE-CANOPEN.1.3.0
2025-05-05 12:56:56,964 [WARN] PackLoader:240 - Cannot read IP mode file for STMicroelectronics.X-CUBE-AI.10.0.0
2025-05-05 12:56:56,979 [WARN] PackLoader:240 - Cannot read IP mode file for STMicroelectronics.FP-SNS-SMARTAG2.1.2.0
2025-05-05 12:56:56,988 [WARN] PackLoader:240 - Cannot read IP mode file for STMicroelectronics.FP-SNS-FLIGHT1.5.1.0
2025-05-05 12:56:57,169 [WARN] PackLoader:240 - Cannot read IP mode file for STMicroelectronics.X-CUBE-MEMS1.11.1.0
2025-05-05 12:56:57,332 [INFO] LogOutputStream:77 - [STDOUT_REDIRECT] 1 : Invalid condition id : UX_CORESTACK_Condition cause : null
2025-05-05 12:56:57,336 [INFO] LogOutputStream:77 - [STDOUT_REDIRECT] 1 : Invalid condition id : UX_CORESTACK_Condition cause : null
2025-05-05 12:56:57,337 [INFO] LogOutputStream:77 - [STDOUT_REDIRECT] 1 : Invalid condition id : UX_CORESTACK_Condition cause : null
2025-05-05 12:56:57,339 [INFO] LogOutputStream:77 - [STDOUT_REDIRECT] 1 : Invalid condition id : UX_CORESTACK_Condition cause : null
2025-05-05 12:56:57,339 [INFO] LogOutputStream:77 - [STDOUT_REDIRECT] 1 : Invalid condition id : UX_CORESTACK_Condition cause : null
2025-05-05 12:56:57,348 [WARN] PackLoader:240 - Cannot read IP mode file for STMicroelectronics.X-CUBE-AZRTOS-WL.2.0.0
2025-05-05 12:56:57,362 [WARN] PackLoader:240 - Cannot read IP mode file for STMicroelectronics.FP-SNS-MOTENV1.5.0.0
2025-05-05 12:56:57,374 [WARN] PackLoader:240 - Cannot read IP mode file for WES.I-CUBE-Cesium.1.3.0
2025-05-05 12:56:57,379 [WARN] PackLoader:240 - Cannot read IP mode file for STMicroelectronics.X-CUBE-BLE2.3.3.0
2025-05-05 12:56:57,387 [WARN] PackLoader:240 - Cannot read IP mode file for STMicroelectronics.X-CUBE-NFC9.1.0.0
2025-05-05 12:56:57,394 [WARN] PackLoader:240 - Cannot read IP mode file for STMicroelectronics.X-CUBE-BLE1.7.1.0
2025-05-05 12:56:57,405 [WARN] PackLoader:240 - Cannot read IP mode file for wolfSSL.I-CUBE-wolfMQTT.1.19.2
2025-05-05 12:56:57,479 [WARN] PackLoader:240 - Cannot read IP mode file for STMicroelectronics.X-CUBE-MEMS1.11.2.0
2025-05-05 12:56:57,678 [WARN] PackLoader:240 - Cannot read IP mode file for STMicroelectronics.X-CUBE-AZRTOS-G0.1.1.0
2025-05-05 12:56:57,701 [WARN] PackLoader:240 - Cannot read IP mode file for STMicroelectronics.X-CUBE-SAFEA1.1.2.2
2025-05-05 12:56:57,722 [WARN] PackLoader:240 - Cannot read IP mode file for STMicroelectronics.X-CUBE-NFC4.3.0.0
2025-05-05 12:56:57,743 [WARN] PackLoader:240 - Cannot read IP mode file for EmbeddedOffice.I-CUBE-FS-RTOS.1.0.1
2025-05-05 12:56:57,756 [WARN] PackLoader:240 - Cannot read IP mode file for STMicroelectronics.X-CUBE-WB05N.2.0.0
2025-05-05 12:56:57,776 [WARN] PackLoader:240 - Cannot read IP mode file for wolfSSL.I-CUBE-wolfTPM.3.8.0
2025-05-05 12:56:57,783 [WARN] PackLoader:240 - Cannot read IP mode file for STMicroelectronics.X-CUBE-TCPP.4.2.0
2025-05-05 12:56:57,791 [WARN] PackLoader:240 - Cannot read IP mode file for RealThread.X-CUBE-RT-Thread_Nano.4.1.1
2025-05-05 12:56:57,798 [WARN] PackLoader:240 - Cannot read IP mode file for STMicroelectronics.FP-ATR-SIGFOX1.3.2.0
2025-05-05 12:56:57,804 [WARN] ConditionMgr:438 - getConditionDescription Invalid condition id : Cortex-A Device cause : null
2025-05-05 12:56:57,831 [WARN] ConditionMgr:1044 - genDependencies : Invalid condition id : Cortex-A Device cause : null
2025-05-05 12:56:57,834 [WARN] ConditionMgr:1044 - genDependencies : Invalid condition id : Cortex-A Device cause : null
2025-05-05 12:56:57,834 [WARN] ConditionMgr:1044 - genDependencies : Invalid condition id : Cortex-A Device cause : null
2025-05-05 12:56:57,845 [WARN] PackLoader:240 - Cannot read IP mode file for STMicroelectronics.X-CUBE-EEPRMA1.5.1.0
2025-05-05 12:56:57,851 [WARN] PackLoader:240 - Cannot read IP mode file for wolfSSL.I-CUBE-wolfSSL.5.7.6
2025-05-05 12:56:57,862 [WARN] PackLoader:240 - Cannot read IP mode file for ITTIA_DB.I-CUBE-ITTIADB.8.9.0
2025-05-05 12:56:57,912 [WARN] PackLoader:240 - Cannot read IP mode file for SEGGER.I-CUBE-embOS.1.3.1
2025-05-05 12:56:57,949 [WARN] PackLoader:240 - Cannot read IP mode file for STMicroelectronics.X-CUBE-ALGOBUILD.1.4.0
2025-05-05 12:56:57,972 [WARN] PackLoader:240 - Cannot read IP mode file for STMicroelectronics.X-CUBE-AZRTOS-F4.1.1.0
2025-05-05 12:56:57,981 [WARN] PackLoader:240 - Cannot read IP mode file for Avnet-IotConnect.X-CUBE-IoTC-DA16k-PMOD.1.0.0
2025-05-05 12:56:57,988 [WARN] PackLoader:240 - Cannot read IP mode file for STMicroelectronics.X-CUBE-ISPU.2.1.0
2025-05-05 12:56:58,009 [WARN] PackLoader:240 - Cannot read IP mode file for STMicroelectronics.X-CUBE-AZRTOS-L5.2.0.0
2025-05-05 12:56:58,022 [WARN] PackLoader:240 - Cannot read IP mode file for STMicroelectronics.X-CUBE-NFC6.3.1.0
2025-05-05 12:56:58,033 [WARN] PackLoader:240 - Cannot read IP mode file for STMicroelectronics.X-CUBE-DPower.1.2.0
2025-05-05 12:56:58,046 [WARN] PackLoader:240 - Cannot read IP mode file for STMicroelectronics.X-CUBE-FREERTOS.1.3.0
2025-05-05 12:56:58,056 [WARN] PackLoader:240 - Cannot read IP mode file for STMicroelectronics.X-CUBE-NFC7.1.0.1
2025-05-05 12:56:58,061 [WARN] PackLoader:240 - Cannot read IP mode file for STMicroelectronics.X-CUBE-DPower.1.3.0
2025-05-05 12:56:58,087 [WARN] ConditionMgr:438 - getConditionDescription Invalid condition id : LAN8742 Phy interface Condition cause : null
2025-05-05 12:56:58,090 [WARN] PackLoader:240 - Cannot read IP mode file for STMicroelectronics.X-CUBE-AZRTOS-L4.2.0.0
2025-05-05 12:56:58,092 [WARN] ConditionMgr:1044 - genDependencies : Invalid condition id : LAN8742 Phy interface Condition cause : null
2025-05-05 12:56:58,093 [WARN] ConditionMgr:1044 - genDependencies : Invalid condition id : LAN8742 Phy interface Condition cause : null
2025-05-05 12:56:58,094 [WARN] ConditionMgr:1044 - genDependencies : Invalid condition id : LAN8742 Phy interface Condition cause : null
2025-05-05 12:56:58,101 [WARN] PackLoader:240 - Cannot read IP mode file for STMicroelectronics.X-CUBE-SFXS2LP1.4.0.0
2025-05-05 12:56:58,124 [WARN] PackLoader:240 - Cannot read IP mode file for STMicroelectronics.X-CUBE-AZRTOS-H7.3.3.0
2025-05-05 12:56:58,142 [WARN] ConditionMgr:438 - getConditionDescription Invalid condition id : UX DEVICE CLASS RTOS Condition cause : null
2025-05-05 12:56:58,142 [WARN] ConditionMgr:438 - getConditionDescription Invalid condition id : UX DEVICE CLASS RTOS Condition cause : null
2025-05-05 12:56:58,145 [WARN] PackLoader:240 - Cannot read IP mode file for STMicroelectronics.X-CUBE-AZRTOS-WB.2.0.0
2025-05-05 12:56:58,146 [WARN] ConditionMgr:1044 - genDependencies : Invalid condition id : UX DEVICE CLASS RTOS Condition cause : null
2025-05-05 12:56:58,146 [WARN] ConditionMgr:1044 - genDependencies : Invalid condition id : UX DEVICE CLASS RTOS Condition cause : null
2025-05-05 12:56:58,147 [WARN] ConditionMgr:1044 - genDependencies : Invalid condition id : UX DEVICE CLASS RTOS Condition cause : null
2025-05-05 12:56:58,147 [WARN] ConditionMgr:1044 - genDependencies : Invalid condition id : UX DEVICE CLASS RTOS Condition cause : null
2025-05-05 12:56:58,147 [WARN] ConditionMgr:1044 - genDependencies : Invalid condition id : UX DEVICE CLASS RTOS Condition cause : null
2025-05-05 12:56:58,152 [WARN] PackLoader:240 - Cannot read IP mode file for STMicroelectronics.X-CUBE-GNSS1.7.0.1
2025-05-05 12:56:58,157 [WARN] PackLoader:240 - Cannot read IP mode file for STMicroelectronics.X-CUBE-TOUCHGFX.4.25.0
2025-05-05 12:56:58,162 [WARN] PackLoader:240 - Cannot read IP mode file for STMicroelectronics.FP-SNS-STBOX1.2.0.0
2025-05-05 12:56:58,173 [WARN] PackLoader:240 - Cannot read IP mode file for STMicroelectronics.X-CUBE-SUBG2.5.0.0
2025-05-05 12:56:58,360 [WARN] PackLoader:240 - Cannot read IP mode file for STMicroelectronics.X-CUBE-AZRTOS-H7RS.1.1.0
2025-05-05 12:56:58,508 [WARN] PackLoader:240 - Cannot read IP mode file for Cesanta.I-CUBE-Mongoose.7.13.0
2025-05-05 12:56:58,570 [WARN] PackLoader:240 - Cannot read IP mode file for STMicroelectronics.X-CUBE-AZRTOS-G4.2.0.0
2025-05-05 12:56:58,614 [WARN] PackLoader:240 - Cannot read IP mode file for wolfSSL.I-CUBE-wolfSSH.1.4.20
2025-05-05 12:56:58,636 [WARN] PackLoader:240 - Cannot read IP mode file for STMicroelectronics.X-CUBE-NFC7.2.0.0
2025-05-05 12:56:58,668 [WARN] PackLoader:240 - Cannot read IP mode file for STMicroelectronics.X-CUBE-IPS.3.1.0
2025-05-05 12:56:58,682 [WARN] PackLoader:240 - Cannot read IP mode file for STMicroelectronics.X-CUBE-ALS.1.0.2
2025-05-05 12:56:58,690 [WARN] PackLoader:240 - Cannot read IP mode file for STMicroelectronics.X-CUBE-TOUCHGFX.4.24.2
2025-05-05 12:56:58,707 [WARN] PackLoader:240 - Cannot read IP mode file for portGmbH.I-Cube-SoM-uGOAL.1.1.0
2025-05-05 12:56:58,738 [WARN] PackLoader:240 - Cannot read IP mode file for STMicroelectronics.X-CUBE-AZRTOS-H7RS.1.0.0
2025-05-05 12:57:56,389 [INFO] Activator:176 - 


2025-05-05 12:57:56,391 [INFO] Activator:177 - !SESSION log4j initialized
2025-05-05 12:57:58,073 [INFO] LogOutputStream:77 - [STDOUT_REDIRECT] 
2025-05-05 12:57:59,379 [ERROR] LogOutputStream:75 - [STDERR_REDIRECT] 
2025-05-05 12:58:01,620 [INFO] LogOutputStream:77 - [STDOUT_REDIRECT] 
2025-05-05 12:58:03,142 [INFO] ApplicationProperties:184 - Using Application install path: /Applications/STM32CubeIDE.app/Contents/Eclipse/plugins/com.st.stm32cube.common.mx_6.14.1.202504091515
2025-05-05 12:58:03,154 [INFO] DbMcusXml:78 - Set database path to: /Applications/STM32CubeIDE.app/Contents/Eclipse/plugins/com.st.stm32cube.common.mx_6.14.1.202504091515//db//mcu/
2025-05-05 12:58:03,154 [INFO] ApiDb:274 - Set plugin database path to: /Applications/STM32CubeIDE.app/Contents/Eclipse/plugins/com.st.stm32cube.common.mx_6.14.1.202504091515//db//plugins/boardmanager/
2025-05-05 12:58:03,155 [WARN] ApiDb:259 - Overriding images path with different value:  => /Applications/STM32CubeIDE.app/Contents/Eclipse/plugins/com.st.stm32cube.common.mx_6.14.1.202504091515//db//plugins/mcufinder/images/
2025-05-05 12:58:03,159 [INFO] ApiDb:250 - Set database path to: /var/root/.stmcufinder/plugins/mcufinder//mcu/
2025-05-05 12:58:03,160 [INFO] DbMcusAds:125 - Set database path to: /var/root/.stmcufinder/plugins/mcufinder//mcu/
2025-05-05 12:58:03,161 [INFO] CrossReferenceDbSqlite:203 - Set database path to: /var/root/.stmcufinder/plugins/mcufinder//mcu/cs/
2025-05-05 12:58:03,288 [INFO] RulesReader:64 - Compatibility file has been processed (302 Rules)
2025-05-05 12:58:03,360 [INFO] DbMcusXml:78 - Set database path to: /Applications/STM32CubeIDE.app/Contents/Eclipse/plugins/com.st.stm32cube.common.mx_6.14.1.202504091515//db//mcu/
2025-05-05 12:58:03,360 [INFO] ApiDb:274 - Set plugin database path to: /Applications/STM32CubeIDE.app/Contents/Eclipse/plugins/com.st.stm32cube.common.mx_6.14.1.202504091515//db//plugins/boardmanager/
2025-05-05 12:58:03,360 [INFO] ApiDb:261 - Set plugin images path to: /Applications/STM32CubeIDE.app/Contents/Eclipse/plugins/com.st.stm32cube.common.mx_6.14.1.202504091515//db//plugins/mcufinder/images/
2025-05-05 12:58:03,360 [WARN] DbFile:41 - Overriding database path with different value: /var/root/.stmcufinder/plugins/mcufinder/ => /var/root/.stmcufinder/plugins/mcufinder
2025-05-05 12:58:03,360 [INFO] ApiDb:250 - Set database path to: /var/root/.stmcufinder/plugins/mcufinder//mcu/
2025-05-05 12:58:03,360 [WARN] DbFile:41 - Overriding database path with different value: /var/root/.stmcufinder/plugins/mcufinder/ => /var/root/.stmcufinder/plugins/mcufinder
2025-05-05 12:58:03,360 [INFO] DbMcusAds:125 - Set database path to: /var/root/.stmcufinder/plugins/mcufinder//mcu/
2025-05-05 12:58:03,361 [WARN] DbFile:41 - Overriding database path with different value: /var/root/.stmcufinder/plugins/mcufinder/ => /var/root/.stmcufinder/plugins/mcufinder
2025-05-05 12:58:03,361 [WARN] DbFile:41 - Overriding database path with different value: /var/root/.stmcufinder/plugins/mcufinder/ => /var/root/.stmcufinder/plugins/mcufinder
2025-05-05 12:58:03,361 [INFO] CrossReferenceDbSqlite:203 - Set database path to: /var/root/.stmcufinder/plugins/mcufinder//mcu/cs/
2025-05-05 12:58:03,422 [INFO] MainPanel:272 - HeapMemory: 268435456
2025-05-05 12:58:03,834 [INFO] DbMcusXml:78 - Set database path to: /Applications/STM32CubeIDE.app/Contents/Eclipse/plugins/com.st.stm32cube.common.mx_6.14.1.202504091515//db//mcu/
2025-05-05 12:58:03,835 [INFO] ApiDb:274 - Set plugin database path to: /Applications/STM32CubeIDE.app/Contents/Eclipse/plugins/com.st.stm32cube.common.mx_6.14.1.202504091515//db//plugins/boardmanager/
2025-05-05 12:58:03,835 [INFO] ApiDb:261 - Set plugin images path to: /Applications/STM32CubeIDE.app/Contents/Eclipse/plugins/com.st.stm32cube.common.mx_6.14.1.202504091515//db//plugins/mcufinder/images/
2025-05-05 12:58:03,835 [WARN] DbFile:41 - Overriding database path with different value: /var/root/.stmcufinder/plugins/mcufinder/ => /var/root/.stmcufinder/plugins/mcufinder
2025-05-05 12:58:03,835 [INFO] ApiDb:250 - Set database path to: /var/root/.stmcufinder/plugins/mcufinder//mcu/
2025-05-05 12:58:03,835 [WARN] DbFile:41 - Overriding database path with different value: /var/root/.stmcufinder/plugins/mcufinder/ => /var/root/.stmcufinder/plugins/mcufinder
2025-05-05 12:58:03,835 [INFO] DbMcusAds:125 - Set database path to: /var/root/.stmcufinder/plugins/mcufinder//mcu/
2025-05-05 12:58:03,835 [WARN] DbFile:41 - Overriding database path with different value: /var/root/.stmcufinder/plugins/mcufinder/ => /var/root/.stmcufinder/plugins/mcufinder
2025-05-05 12:58:03,835 [WARN] DbFile:41 - Overriding database path with different value: /var/root/.stmcufinder/plugins/mcufinder/ => /var/root/.stmcufinder/plugins/mcufinder
2025-05-05 12:58:03,835 [INFO] CrossReferenceDbSqlite:203 - Set database path to: /var/root/.stmcufinder/plugins/mcufinder//mcu/cs/
2025-05-05 12:58:03,851 [INFO] ApplicationProperties:184 - Using Application install path: /Applications/STM32CubeIDE.app/Contents/Eclipse/plugins/com.st.stm32cube.common.mx_6.14.1.202504091515
2025-05-05 12:58:03,852 [INFO] PluginManage:196 - Search for loadable plugins [exclusion list=, ]
2025-05-05 12:58:03,854 [INFO] PluginManage:310 - Check plugin analytics
2025-05-05 12:58:04,260 [INFO] AnalyticsPlugin:253 - Accepted Software Licenses: 
2025-05-05 12:58:04,266 [INFO] AnalyticsPlugin:255 - Accepted CMSIS Pack Licenses: 
2025-05-05 12:58:04,267 [INFO] AnalyticsPlugin:257 - Accepted Firmware Licenses: 
2025-05-05 12:58:04,339 [INFO] PluginManage:359 - Loaded plugin analytics (category:tool,tabindex:-1)
2025-05-05 12:58:04,341 [INFO] PluginManage:310 - Check plugin cadmodel
2025-05-05 12:58:04,385 [INFO] CADModel:105 - Init CAD model plugin
2025-05-05 12:58:04,386 [INFO] PluginManage:359 - Loaded plugin cadmodel (category:power,tabindex:5)
2025-05-05 12:58:04,387 [INFO] PluginManage:310 - Check plugin clock
2025-05-05 12:58:04,406 [INFO] PluginManage:359 - Loaded plugin clock (category:base,tabindex:2)
2025-05-05 12:58:04,407 [INFO] PluginManage:310 - Check plugin ddr
2025-05-05 12:58:04,414 [INFO] PluginManage:359 - Loaded plugin ddr (category:tool,tabindex:6)
2025-05-05 12:58:04,415 [INFO] PluginManage:310 - Check plugin filemanager
2025-05-05 12:58:04,634 [INFO] PluginManage:359 - Loaded plugin filemanager (category:base,tabindex:10)
2025-05-05 12:58:04,635 [INFO] PluginManage:310 - Check plugin ipmanager
2025-05-05 12:58:04,647 [INFO] PluginManage:359 - Loaded plugin ipmanager (category:base,tabindex:5)
2025-05-05 12:58:04,647 [INFO] PluginManage:310 - Check plugin lpbam
2025-05-05 12:58:04,666 [INFO] PluginManage:359 - Loaded plugin lpbam (category:base,tabindex:0)
2025-05-05 12:58:04,666 [INFO] PluginManage:310 - Check plugin memorymap
2025-05-05 12:58:04,695 [INFO] PluginManage:359 - Loaded plugin memorymap (category:base,tabindex:4)
2025-05-05 12:58:04,695 [INFO] PluginManage:310 - Check plugin pinoutandconfiguration
2025-05-05 12:58:04,713 [INFO] PluginManage:359 - Loaded plugin pinoutandconfiguration (category:base,tabindex:1)
2025-05-05 12:58:04,714 [INFO] PluginManage:310 - Check plugin pinoutconfig
2025-05-05 12:58:04,806 [WARN] SupportedApi:132 - Cannot load RTOS API schema: s4s-elt-must-match.1: The content of 'definitions' must match (annotation?, (simpleType | complexType)?, (unique | key | keyref)*)). A problem was found starting at: attribute.
2025-05-05 12:58:04,980 [INFO] PluginManage:359 - Loaded plugin pinoutconfig (category:base,tabindex:0)
2025-05-05 12:58:04,981 [INFO] PluginManage:310 - Check plugin power
2025-05-05 12:58:04,999 [INFO] PluginManage:359 - Loaded plugin power (category:power,tabindex:4)
2025-05-05 12:58:05,000 [INFO] PluginManage:310 - Check plugin projectmanager
2025-05-05 12:58:05,028 [INFO] PluginManage:359 - Loaded plugin projectmanager (category:projectmanager,tabindex:4)
2025-05-05 12:58:05,029 [INFO] PluginManage:310 - Check plugin rif
2025-05-05 12:58:05,056 [INFO] PluginManage:359 - Loaded plugin rif (category:base,tabindex:3)
2025-05-05 12:58:05,057 [INFO] PluginManage:310 - Check plugin thirdparty
2025-05-05 12:58:05,291 [INFO] PluginManage:359 - Loaded plugin thirdparty (category:base,tabindex:-1)
2025-05-05 12:58:05,291 [INFO] PluginManage:310 - Check plugin tools
2025-05-05 12:58:05,291 [WARN] IntegrityCheckThread:84 - waiting for thirdparty lock release [integrity check]
2025-05-05 12:58:05,292 [INFO] IntegrityCheckThread:86 - entering critical section [integrity check]
2025-05-05 12:58:05,293 [INFO] ThirdPartyUpdaterWithRetryManager:70 - Updater plugin not ready yet. [1/15]
2025-05-05 12:58:05,294 [INFO] PluginManage:359 - Loaded plugin tools (category:base,tabindex:7)
2025-05-05 12:58:05,294 [INFO] PluginManage:310 - Check plugin tutovideos
2025-05-05 12:58:05,495 [INFO] PluginManage:359 - Loaded plugin tutovideos (category:base,tabindex:-1)
2025-05-05 12:58:05,495 [INFO] PluginManage:310 - Check plugin updater
2025-05-05 12:58:05,526 [INFO] PluginManage:359 - Loaded plugin updater (category:base,tabindex:12)
2025-05-05 12:58:05,526 [INFO] PluginManage:310 - Check plugin userauth
2025-05-05 12:58:05,531 [INFO] UserAuth:118 - Init User Auth plugin
2025-05-05 12:58:05,533 [INFO] PluginManage:359 - Loaded plugin userauth (category:base,tabindex:14)
2025-05-05 12:58:05,534 [INFO] PluginManage:283 - PluginManage : Loaded plugins [18]
2025-05-05 12:58:05,759 [INFO] PinOutPanel:1589 - setPackage(No Configuration,No Configuration)
2025-05-05 12:58:05,846 [INFO] CADModel:165 - CPN selected for project level
2025-05-05 12:58:05,846 [INFO] CADModel:114 - Register for checkConnection events
2025-05-05 12:58:05,878 [INFO] IPUIPlugin:80 - create IPUIPlugin
2025-05-05 12:58:05,880 [INFO] PluginManager:220 - loadIPPluginJar : add mdma
2025-05-05 12:58:05,900 [INFO] IPUIPlugin:80 - create IPUIPlugin
2025-05-05 12:58:05,900 [INFO] PluginManager:220 - loadIPPluginJar : add freertos
2025-05-05 12:58:05,909 [INFO] IPUIPlugin:80 - create IPUIPlugin
2025-05-05 12:58:05,910 [INFO] PluginManager:220 - loadIPPluginJar : add gic
2025-05-05 12:58:05,924 [INFO] IPUIPlugin:80 - create IPUIPlugin
2025-05-05 12:58:05,924 [INFO] PluginManager:220 - loadIPPluginJar : add adc
2025-05-05 12:58:05,927 [INFO] IPUIPlugin:80 - create IPUIPlugin
2025-05-05 12:58:05,928 [INFO] PluginManager:220 - loadIPPluginJar : add gtzc
2025-05-05 12:58:05,928 [INFO] IPUIPlugin:80 - create IPUIPlugin
2025-05-05 12:58:05,928 [INFO] PluginManager:220 - loadIPPluginJar : add quadspi
2025-05-05 12:58:05,929 [INFO] IPUIPlugin:80 - create IPUIPlugin
2025-05-05 12:58:05,929 [INFO] PluginManager:220 - loadIPPluginJar : add aes
2025-05-05 12:58:05,930 [INFO] IPUIPlugin:80 - create IPUIPlugin
2025-05-05 12:58:05,930 [INFO] PluginManager:220 - loadIPPluginJar : add pdm2pcm
2025-05-05 12:58:05,931 [INFO] IPUIPlugin:80 - create IPUIPlugin
2025-05-05 12:58:05,931 [INFO] PluginManager:220 - loadIPPluginJar : add hash
2025-05-05 12:58:05,932 [INFO] IPUIPlugin:80 - create IPUIPlugin
2025-05-05 12:58:05,932 [INFO] PluginManager:220 - loadIPPluginJar : add tim
2025-05-05 12:58:05,933 [INFO] IPUIPlugin:80 - create IPUIPlugin
2025-05-05 12:58:05,933 [INFO] PluginManager:220 - loadIPPluginJar : add tsc
2025-05-05 12:58:05,936 [INFO] IPUIPlugin:80 - create IPUIPlugin
2025-05-05 12:58:05,936 [INFO] PluginManager:220 - loadIPPluginJar : add extmemmanager
2025-05-05 12:58:05,937 [INFO] IPUIPlugin:80 - create IPUIPlugin
2025-05-05 12:58:05,937 [INFO] PluginManager:220 - loadIPPluginJar : add ts
2025-05-05 12:58:05,938 [INFO] IPUIPlugin:80 - create IPUIPlugin
2025-05-05 12:58:05,938 [INFO] PluginManager:220 - loadIPPluginJar : add radio
2025-05-05 12:58:05,939 [INFO] IPUIPlugin:80 - create IPUIPlugin
2025-05-05 12:58:05,939 [INFO] PluginManager:220 - loadIPPluginJar : add can
2025-05-05 12:58:05,940 [INFO] IPUIPlugin:80 - create IPUIPlugin
2025-05-05 12:58:05,940 [INFO] PluginManager:220 - loadIPPluginJar : add dma3
2025-05-05 12:58:05,941 [INFO] IPUIPlugin:80 - create IPUIPlugin
2025-05-05 12:58:05,941 [INFO] PluginManager:220 - loadIPPluginJar : add dfsdm
2025-05-05 12:58:05,942 [INFO] IPUIPlugin:80 - create IPUIPlugin
2025-05-05 12:58:05,942 [INFO] PluginManager:220 - loadIPPluginJar : add spi
2025-05-05 12:58:05,945 [INFO] IPUIPlugin:80 - create IPUIPlugin
2025-05-05 12:58:05,945 [INFO] PluginManager:220 - loadIPPluginJar : add gfxmmu
2025-05-05 12:58:05,947 [INFO] IPUIPlugin:80 - create IPUIPlugin
2025-05-05 12:58:05,947 [INFO] PluginManager:220 - loadIPPluginJar : add genericplugin
2025-05-05 12:58:05,948 [INFO] IPUIPlugin:80 - create IPUIPlugin
2025-05-05 12:58:05,948 [INFO] PluginManager:220 - loadIPPluginJar : add cryp
2025-05-05 12:58:05,953 [INFO] IPUIPlugin:80 - create IPUIPlugin
2025-05-05 12:58:05,953 [INFO] PluginManager:220 - loadIPPluginJar : add gpio
2025-05-05 12:58:05,958 [INFO] IPUIPlugin:80 - create IPUIPlugin
2025-05-05 12:58:05,959 [INFO] PluginManager:220 - loadIPPluginJar : add ddr_ctrl_phy
2025-05-05 12:58:05,960 [INFO] IPUIPlugin:80 - create IPUIPlugin
2025-05-05 12:58:05,960 [INFO] PluginManager:220 - loadIPPluginJar : add comp
2025-05-05 12:58:05,962 [INFO] IPUIPlugin:80 - create IPUIPlugin
2025-05-05 12:58:05,963 [INFO] PluginManager:220 - loadIPPluginJar : add tracer_emb
2025-05-05 12:58:05,964 [INFO] IPUIPlugin:80 - create IPUIPlugin
2025-05-05 12:58:05,964 [INFO] PluginManager:220 - loadIPPluginJar : add openamp
2025-05-05 12:58:05,970 [INFO] IPUIPlugin:80 - create IPUIPlugin
2025-05-05 12:58:05,970 [INFO] PluginManager:220 - loadIPPluginJar : add stm32_wpan
2025-05-05 12:58:05,978 [INFO] IPUIPlugin:80 - create IPUIPlugin
2025-05-05 12:58:05,980 [INFO] PluginManager:220 - loadIPPluginJar : add plateformsettings
2025-05-05 12:58:05,987 [INFO] IPUIPlugin:80 - create IPUIPlugin
2025-05-05 12:58:05,987 [INFO] PluginManager:220 - loadIPPluginJar : add ipddr
2025-05-05 12:58:05,988 [INFO] IPUIPlugin:80 - create IPUIPlugin
2025-05-05 12:58:05,989 [INFO] PluginManager:220 - loadIPPluginJar : add usart
2025-05-05 12:58:05,989 [INFO] IPUIPlugin:80 - create IPUIPlugin
2025-05-05 12:58:05,989 [INFO] PluginManager:220 - loadIPPluginJar : add ltdc
2025-05-05 12:58:05,991 [INFO] IPUIPlugin:80 - create IPUIPlugin
2025-05-05 12:58:05,991 [INFO] PluginManager:220 - loadIPPluginJar : add nvic
2025-05-05 12:58:05,992 [INFO] IPUIPlugin:80 - create IPUIPlugin
2025-05-05 12:58:05,992 [INFO] PluginManager:220 - loadIPPluginJar : add fatfs
2025-05-05 12:58:06,003 [INFO] IPUIPlugin:80 - create IPUIPlugin
2025-05-05 12:58:06,003 [INFO] PluginManager:220 - loadIPPluginJar : add linkedlist
2025-05-05 12:58:06,011 [INFO] IPUIPlugin:80 - create IPUIPlugin
2025-05-05 12:58:06,012 [INFO] PluginManager:220 - loadIPPluginJar : add dma
2025-05-05 12:58:06,014 [INFO] IPUIPlugin:80 - create IPUIPlugin
2025-05-05 12:58:06,014 [INFO] PluginManager:220 - loadIPPluginJar : add fmc
2025-05-05 12:58:06,015 [INFO] IPUIPlugin:80 - create IPUIPlugin
2025-05-05 12:58:06,015 [INFO] PluginManager:220 - loadIPPluginJar : add i2s
2025-05-05 12:58:06,015 [INFO] IPUIPlugin:80 - create IPUIPlugin
2025-05-05 12:58:06,016 [INFO] PluginManager:220 - loadIPPluginJar : add ucpd
2025-05-05 12:58:06,017 [INFO] IPUIPlugin:80 - create IPUIPlugin
2025-05-05 12:58:06,017 [INFO] PluginManager:220 - loadIPPluginJar : add lorawan
2025-05-05 12:58:06,018 [INFO] IPUIPlugin:80 - create IPUIPlugin
2025-05-05 12:58:06,018 [INFO] PluginManager:220 - loadIPPluginJar : add opamp
2025-05-05 12:58:06,019 [INFO] IPUIPlugin:80 - create IPUIPlugin
2025-05-05 12:58:06,019 [INFO] PluginManager:220 - loadIPPluginJar : add i3c
2025-05-05 12:58:06,025 [INFO] IPUIPlugin:80 - create IPUIPlugin
2025-05-05 12:58:06,026 [INFO] PluginManager:220 - loadIPPluginJar : add touchsensing
2025-05-05 12:58:06,028 [INFO] IPUIPlugin:80 - create IPUIPlugin
2025-05-05 12:58:06,028 [INFO] PluginManager:220 - loadIPPluginJar : add i2c
2025-05-05 12:58:06,032 [INFO] IPUIPlugin:80 - create IPUIPlugin
2025-05-05 12:58:06,032 [INFO] PluginManager:220 - loadIPPluginJar : add resmgrutility
2025-05-05 12:58:06,038 [INFO] IPUIPlugin:80 - create IPUIPlugin
2025-05-05 12:58:06,038 [INFO] PluginManager:220 - loadIPPluginJar : add sai
2025-05-05 12:58:06,040 [INFO] IPUIPlugin:80 - create IPUIPlugin
2025-05-05 12:58:06,040 [INFO] PluginManager:220 - loadIPPluginJar : add usbx
2025-05-05 12:58:06,168 [FATAL] Updater:351 - Updater called before beeing initialized
2025-05-05 12:58:06,242 [INFO] RulesReader:64 - Compatibility file has been processed (302 Rules)
2025-05-05 12:58:06,257 [INFO] RulesReader:64 - Compatibility file has been processed (302 Rules)
2025-05-05 12:58:06,270 [INFO] CADModel:165 - CPN selected for project level
2025-05-05 12:58:06,270 [INFO] CADModel:114 - Register for checkConnection events
2025-05-05 12:58:06,270 [FATAL] Updater:351 - Updater called before beeing initialized
2025-05-05 12:58:06,270 [ERROR] CADModel:125 - Updater not yet initialized, retry later 
2025-05-05 12:58:06,545 [FATAL] Updater:351 - Updater called before beeing initialized
2025-05-05 12:58:06,546 [INFO] CADModel:165 - CPN selected for project level
2025-05-05 12:58:06,546 [INFO] CADModel:114 - Register for checkConnection events
2025-05-05 12:58:06,547 [FATAL] Updater:351 - Updater called before beeing initialized
2025-05-05 12:58:06,547 [ERROR] CADModel:125 - Updater not yet initialized, retry later 
2025-05-05 12:58:06,549 [FATAL] Updater:351 - Updater called before beeing initialized
2025-05-05 12:58:06,768 [FATAL] Updater:351 - Updater called before beeing initialized
2025-05-05 12:58:06,777 [INFO] DbMcusAds:53 - JSON generation date=Thu Mar 06 09:54:22 EST 2025 (1741272862204)
2025-05-05 12:58:06,777 [FATAL] Updater:351 - Updater called before beeing initialized
2025-05-05 12:58:06,846 [WARN] DetailPanel:346 - Failed to get advertising image, set to default
2025-05-05 12:58:07,080 [FATAL] Updater:351 - Updater called before beeing initialized
2025-05-05 12:58:07,087 [FATAL] Updater:351 - Updater called before beeing initialized
2025-05-05 12:58:07,088 [FATAL] Updater:351 - Updater called before beeing initialized
2025-05-05 12:58:07,088 [WARN] DetailPanel:346 - Failed to get advertising image, set to default
2025-05-05 12:58:07,093 [FATAL] Updater:351 - Updater called before beeing initialized
2025-05-05 12:58:07,169 [ERROR] Updater:1198 - MainUpdater not yet initialized. External WinMGr cannot be set.
2025-05-05 12:58:07,173 [INFO] Updater:1134 - Updater Version found : 6.14.1
2025-05-05 12:58:07,188 [INFO] ApplicationProperties:184 - Using Application install path: /Applications/STM32CubeIDE.app/Contents/Eclipse/plugins/com.st.stm32cube.common.mx_6.14.1.202504091515
2025-05-05 12:58:07,562 [INFO] MainUpdater:2872 - connection check result : 10
2025-05-05 12:58:07,563 [INFO] MainUpdater:289 - Updater Check For Update Now.
2025-05-05 12:58:07,563 [INFO] MicroXplorer:498 - Change Database Version : DB.6.0.141
2025-05-05 12:58:07,571 [INFO] McuFinderGlobals:63 - Set McuFinder mode to 2 (CubeIDE integrated)
2025-05-05 12:58:07,571 [INFO] UserAuth:484 - Internet connection configuration mode: 1
2025-05-05 12:58:07,591 [INFO] JxBrowserEngine:152 - Initiate JxBrowser Engine with user profile folder
2025-05-05 12:58:07,833 [INFO] CheckServerUpdateThread:120 - End of CheckServer Thread
2025-05-05 12:58:08,472 [WARN] PackLoader:240 - Cannot read IP mode file for STMicroelectronics.FP-SNS-MOTENVWB1.1.4.0
2025-05-05 12:58:08,498 [WARN] PackLoader:240 - Cannot read IP mode file for STMicroelectronics.FP-ATR-ASTRA1.2.0.2
2025-05-05 12:58:08,520 [WARN] PackLoader:240 - Cannot read IP mode file for STMicroelectronics.X-CUBE-SMBUS.2.1.0
2025-05-05 12:58:08,532 [WARN] PackLoader:240 - Cannot read IP mode file for STMicroelectronics.X-CUBE-WB05N.1.1.0
2025-05-05 12:58:08,580 [WARN] PackLoader:240 - Cannot read IP mode file for STMicroelectronics.X-CUBE-AZRTOS-F7.1.1.0
2025-05-05 12:58:08,615 [WARN] PackLoader:240 - Cannot read IP mode file for STMicroelectronics.FP-SNS-FLIGHT1.5.0.2
2025-05-05 12:58:08,697 [WARN] PackLoader:240 - Cannot read IP mode file for Infineon.AIROC-Wi-Fi-Bluetooth-STM32.1.7.0
2025-05-05 12:58:08,743 [WARN] PackLoader:240 - Cannot read IP mode file for STMicroelectronics.X-CUBE-DISPLAY.3.0.0
2025-05-05 12:58:08,777 [WARN] PackLoader:240 - Cannot read IP mode file for STMicroelectronics.X-CUBE-BLE1.7.0.0
2025-05-05 12:58:08,796 [WARN] PackLoader:240 - Cannot read IP mode file for STMicroelectronics.X-CUBE-NFC10.1.0.0
2025-05-05 12:58:08,833 [WARN] PackLoader:240 - Cannot read IP mode file for STMicroelectronics.X-CUBE-BLEMGR.4.0.0
2025-05-05 12:58:08,858 [WARN] PackLoader:240 - Cannot read IP mode file for emotas.I-CUBE-CANOPEN.1.3.0
2025-05-05 12:58:08,870 [WARN] PackLoader:240 - Cannot read IP mode file for STMicroelectronics.X-CUBE-AI.10.0.0
2025-05-05 12:58:08,882 [WARN] PackLoader:240 - Cannot read IP mode file for STMicroelectronics.FP-SNS-SMARTAG2.1.2.0
2025-05-05 12:58:08,887 [WARN] PackLoader:240 - Cannot read IP mode file for STMicroelectronics.FP-SNS-FLIGHT1.5.1.0
2025-05-05 12:58:08,996 [WARN] PackLoader:240 - Cannot read IP mode file for STMicroelectronics.X-CUBE-MEMS1.11.1.0
2025-05-05 12:58:09,126 [INFO] LogOutputStream:77 - [STDOUT_REDIRECT] 1 : Invalid condition id : UX_CORESTACK_Condition cause : null
2025-05-05 12:58:09,127 [INFO] LogOutputStream:77 - [STDOUT_REDIRECT] 1 : Invalid condition id : UX_CORESTACK_Condition cause : null
2025-05-05 12:58:09,127 [INFO] LogOutputStream:77 - [STDOUT_REDIRECT] 1 : Invalid condition id : UX_CORESTACK_Condition cause : null
2025-05-05 12:58:09,127 [INFO] LogOutputStream:77 - [STDOUT_REDIRECT] 1 : Invalid condition id : UX_CORESTACK_Condition cause : null
2025-05-05 12:58:09,128 [INFO] LogOutputStream:77 - [STDOUT_REDIRECT] 1 : Invalid condition id : UX_CORESTACK_Condition cause : null
2025-05-05 12:58:09,133 [WARN] PackLoader:240 - Cannot read IP mode file for STMicroelectronics.X-CUBE-AZRTOS-WL.2.0.0
2025-05-05 12:58:09,144 [WARN] PackLoader:240 - Cannot read IP mode file for STMicroelectronics.FP-SNS-MOTENV1.5.0.0
2025-05-05 12:58:09,153 [WARN] PackLoader:240 - Cannot read IP mode file for WES.I-CUBE-Cesium.1.3.0
2025-05-05 12:58:09,164 [WARN] PackLoader:240 - Cannot read IP mode file for STMicroelectronics.X-CUBE-BLE2.3.3.0
2025-05-05 12:58:09,172 [WARN] PackLoader:240 - Cannot read IP mode file for STMicroelectronics.X-CUBE-NFC9.1.0.0
2025-05-05 12:58:09,178 [WARN] PackLoader:240 - Cannot read IP mode file for STMicroelectronics.X-CUBE-BLE1.7.1.0
2025-05-05 12:58:09,184 [WARN] PackLoader:240 - Cannot read IP mode file for wolfSSL.I-CUBE-wolfMQTT.1.19.2
2025-05-05 12:58:09,247 [WARN] PackLoader:240 - Cannot read IP mode file for STMicroelectronics.X-CUBE-MEMS1.11.2.0
2025-05-05 12:58:09,609 [WARN] PackLoader:240 - Cannot read IP mode file for STMicroelectronics.X-CUBE-AZRTOS-G0.1.1.0
2025-05-05 12:58:09,684 [WARN] PackLoader:240 - Cannot read IP mode file for STMicroelectronics.X-CUBE-SAFEA1.1.2.2
2025-05-05 12:58:09,694 [WARN] PackLoader:240 - Cannot read IP mode file for STMicroelectronics.X-CUBE-NFC4.3.0.0
2025-05-05 12:58:09,707 [WARN] PackLoader:240 - Cannot read IP mode file for EmbeddedOffice.I-CUBE-FS-RTOS.1.0.1
2025-05-05 12:58:09,721 [WARN] PackLoader:240 - Cannot read IP mode file for STMicroelectronics.X-CUBE-WB05N.2.0.0
2025-05-05 12:58:09,735 [WARN] PackLoader:240 - Cannot read IP mode file for wolfSSL.I-CUBE-wolfTPM.3.8.0
2025-05-05 12:58:09,741 [WARN] PackLoader:240 - Cannot read IP mode file for STMicroelectronics.X-CUBE-TCPP.4.2.0
2025-05-05 12:58:09,750 [WARN] PackLoader:240 - Cannot read IP mode file for RealThread.X-CUBE-RT-Thread_Nano.4.1.1
2025-05-05 12:58:09,780 [WARN] PackLoader:240 - Cannot read IP mode file for STMicroelectronics.FP-ATR-SIGFOX1.3.2.0
2025-05-05 12:58:09,787 [WARN] ConditionMgr:438 - getConditionDescription Invalid condition id : Cortex-A Device cause : null
2025-05-05 12:58:09,859 [WARN] ConditionMgr:1044 - genDependencies : Invalid condition id : Cortex-A Device cause : null
2025-05-05 12:58:09,859 [WARN] ConditionMgr:1044 - genDependencies : Invalid condition id : Cortex-A Device cause : null
2025-05-05 12:58:09,859 [WARN] ConditionMgr:1044 - genDependencies : Invalid condition id : Cortex-A Device cause : null
2025-05-05 12:58:09,868 [WARN] PackLoader:240 - Cannot read IP mode file for STMicroelectronics.X-CUBE-EEPRMA1.5.1.0
2025-05-05 12:58:09,872 [WARN] PackLoader:240 - Cannot read IP mode file for wolfSSL.I-CUBE-wolfSSL.5.7.6
2025-05-05 12:58:09,886 [WARN] PackLoader:240 - Cannot read IP mode file for ITTIA_DB.I-CUBE-ITTIADB.8.9.0
2025-05-05 12:58:09,929 [WARN] PackLoader:240 - Cannot read IP mode file for SEGGER.I-CUBE-embOS.1.3.1
2025-05-05 12:58:09,972 [WARN] PackLoader:240 - Cannot read IP mode file for STMicroelectronics.X-CUBE-ALGOBUILD.1.4.0
2025-05-05 12:58:09,993 [WARN] PackLoader:240 - Cannot read IP mode file for STMicroelectronics.X-CUBE-AZRTOS-F4.1.1.0
2025-05-05 12:58:09,999 [WARN] PackLoader:240 - Cannot read IP mode file for Avnet-IotConnect.X-CUBE-IoTC-DA16k-PMOD.1.0.0
2025-05-05 12:58:10,001 [WARN] PackLoader:240 - Cannot read IP mode file for STMicroelectronics.X-CUBE-ISPU.2.1.0
2025-05-05 12:58:10,017 [WARN] PackLoader:240 - Cannot read IP mode file for STMicroelectronics.X-CUBE-AZRTOS-L5.2.0.0
2025-05-05 12:58:10,029 [WARN] PackLoader:240 - Cannot read IP mode file for STMicroelectronics.X-CUBE-NFC6.3.1.0
2025-05-05 12:58:10,039 [WARN] PackLoader:240 - Cannot read IP mode file for STMicroelectronics.X-CUBE-DPower.1.2.0
2025-05-05 12:58:10,044 [WARN] PackLoader:240 - Cannot read IP mode file for STMicroelectronics.X-CUBE-FREERTOS.1.3.0
2025-05-05 12:58:10,048 [WARN] PackLoader:240 - Cannot read IP mode file for STMicroelectronics.X-CUBE-NFC7.1.0.1
2025-05-05 12:58:10,052 [WARN] PackLoader:240 - Cannot read IP mode file for STMicroelectronics.X-CUBE-DPower.1.3.0
2025-05-05 12:58:10,070 [WARN] ConditionMgr:438 - getConditionDescription Invalid condition id : LAN8742 Phy interface Condition cause : null
2025-05-05 12:58:10,072 [WARN] PackLoader:240 - Cannot read IP mode file for STMicroelectronics.X-CUBE-AZRTOS-L4.2.0.0
2025-05-05 12:58:10,076 [WARN] ConditionMgr:1044 - genDependencies : Invalid condition id : LAN8742 Phy interface Condition cause : null
2025-05-05 12:58:10,077 [WARN] ConditionMgr:1044 - genDependencies : Invalid condition id : LAN8742 Phy interface Condition cause : null
2025-05-05 12:58:10,078 [WARN] ConditionMgr:1044 - genDependencies : Invalid condition id : LAN8742 Phy interface Condition cause : null
2025-05-05 12:58:10,083 [WARN] PackLoader:240 - Cannot read IP mode file for STMicroelectronics.X-CUBE-SFXS2LP1.4.0.0
2025-05-05 12:58:10,111 [WARN] PackLoader:240 - Cannot read IP mode file for STMicroelectronics.X-CUBE-AZRTOS-H7.3.3.0
2025-05-05 12:58:10,126 [WARN] ConditionMgr:438 - getConditionDescription Invalid condition id : UX DEVICE CLASS RTOS Condition cause : null
2025-05-05 12:58:10,126 [WARN] ConditionMgr:438 - getConditionDescription Invalid condition id : UX DEVICE CLASS RTOS Condition cause : null
2025-05-05 12:58:10,129 [WARN] PackLoader:240 - Cannot read IP mode file for STMicroelectronics.X-CUBE-AZRTOS-WB.2.0.0
2025-05-05 12:58:10,130 [WARN] ConditionMgr:1044 - genDependencies : Invalid condition id : UX DEVICE CLASS RTOS Condition cause : null
2025-05-05 12:58:10,130 [WARN] ConditionMgr:1044 - genDependencies : Invalid condition id : UX DEVICE CLASS RTOS Condition cause : null
2025-05-05 12:58:10,131 [WARN] ConditionMgr:1044 - genDependencies : Invalid condition id : UX DEVICE CLASS RTOS Condition cause : null
2025-05-05 12:58:10,131 [WARN] ConditionMgr:1044 - genDependencies : Invalid condition id : UX DEVICE CLASS RTOS Condition cause : null
2025-05-05 12:58:10,132 [WARN] ConditionMgr:1044 - genDependencies : Invalid condition id : UX DEVICE CLASS RTOS Condition cause : null
2025-05-05 12:58:10,138 [WARN] PackLoader:240 - Cannot read IP mode file for STMicroelectronics.X-CUBE-GNSS1.7.0.1
2025-05-05 12:58:10,146 [WARN] PackLoader:240 - Cannot read IP mode file for STMicroelectronics.X-CUBE-TOUCHGFX.4.25.0
2025-05-05 12:58:10,152 [WARN] PackLoader:240 - Cannot read IP mode file for STMicroelectronics.FP-SNS-STBOX1.2.0.0
2025-05-05 12:58:10,166 [WARN] PackLoader:240 - Cannot read IP mode file for STMicroelectronics.X-CUBE-SUBG2.5.0.0
2025-05-05 12:58:10,194 [WARN] PackLoader:240 - Cannot read IP mode file for STMicroelectronics.X-CUBE-AZRTOS-H7RS.1.1.0
2025-05-05 12:58:10,200 [WARN] PackLoader:240 - Cannot read IP mode file for Cesanta.I-CUBE-Mongoose.7.13.0
2025-05-05 12:58:10,212 [WARN] PackLoader:240 - Cannot read IP mode file for STMicroelectronics.X-CUBE-AZRTOS-G4.2.0.0
2025-05-05 12:58:10,217 [WARN] PackLoader:240 - Cannot read IP mode file for wolfSSL.I-CUBE-wolfSSH.1.4.20
2025-05-05 12:58:10,225 [WARN] PackLoader:240 - Cannot read IP mode file for STMicroelectronics.X-CUBE-NFC7.2.0.0
2025-05-05 12:58:10,246 [WARN] PackLoader:240 - Cannot read IP mode file for STMicroelectronics.X-CUBE-IPS.3.1.0
2025-05-05 12:58:10,255 [WARN] PackLoader:240 - Cannot read IP mode file for STMicroelectronics.X-CUBE-ALS.1.0.2
2025-05-05 12:58:10,257 [WARN] PackLoader:240 - Cannot read IP mode file for STMicroelectronics.X-CUBE-TOUCHGFX.4.24.2
2025-05-05 12:58:10,260 [WARN] PackLoader:240 - Cannot read IP mode file for portGmbH.I-Cube-SoM-uGOAL.1.1.0
2025-05-05 12:58:10,278 [WARN] PackLoader:240 - Cannot read IP mode file for STMicroelectronics.X-CUBE-AZRTOS-H7RS.1.0.0
2025-05-05 12:58:10,295 [WARN] PackLoader:240 - Cannot read IP mode file for STMicroelectronics.X-CUBE-TOF1.3.4.2
2025-05-05 12:58:10,311 [WARN] PackLoader:240 - Cannot read IP mode file for STMicroelectronics.X-CUBE-TOF1.3.4.3
2025-05-05 12:58:10,318 [INFO] ThirdParty:978 - Integrity check success = true
2025-05-05 12:58:10,318 [INFO] IntegrityCheckThread:100 - exiting critical section [integrity check]
2025-05-05 12:58:10,318 [INFO] IntegrityCheckThread:103 - End integrity checks thread
2025-05-05 12:58:11,515 [INFO] WebApp:169 - Instantiating new browser for Auth
2025-05-05 12:58:12,957 [INFO] WebApp:463 - Apply proxy settings
2025-05-05 12:58:12,975 [INFO] WebApp:508 - Chromium authenticates against Manually configured proxy
2025-05-05 12:58:12,998 [INFO] WebApp:516 - Username used for proxy authentication: 
2025-05-05 12:58:13,049 [INFO] WebApp:894 - Register for checkConnection events
2025-05-05 12:58:13,050 [INFO] WebApp:463 - Apply proxy settings
2025-05-05 12:58:13,061 [INFO] WebApp:508 - Chromium authenticates against Manually configured proxy
2025-05-05 12:58:13,069 [INFO] WebApp:516 - Username used for proxy authentication: 
2025-05-05 12:58:13,279 [INFO] WebApp:225 - Starting web application
2025-05-05 12:58:13,279 [INFO] WebApp:593 - Web application path used /Applications/STM32CubeIDE.app/Contents/Eclipse/plugins/com.st.stm32cube.common.mx_6.14.1.202504091515/db/plugins/mcufinder/reactClient1/index.html
2025-05-05 12:58:13,561 [INFO] WebApp:191 - Connection restablished
2025-05-05 12:58:13,906 [INFO] UserAuth:484 - Internet connection configuration mode: 1
2025-05-05 13:03:14,776 [INFO] Activator:176 - 


2025-05-05 13:03:14,778 [INFO] Activator:177 - !SESSION log4j initialized
2025-05-05 13:03:16,068 [INFO] LogOutputStream:77 - [STDOUT_REDIRECT] 
2025-05-05 13:03:18,761 [ERROR] LogOutputStream:75 - [STDERR_REDIRECT] 
2025-05-05 13:03:20,482 [INFO] LogOutputStream:77 - [STDOUT_REDIRECT] 
2025-05-05 13:03:21,168 [INFO] ApplicationProperties:184 - Using Application install path: /Applications/STM32CubeIDE.app/Contents/Eclipse/plugins/com.st.stm32cube.common.mx_6.14.1.202504091515
2025-05-05 13:03:21,179 [INFO] DbMcusXml:78 - Set database path to: /Applications/STM32CubeIDE.app/Contents/Eclipse/plugins/com.st.stm32cube.common.mx_6.14.1.202504091515//db//mcu/
2025-05-05 13:03:21,179 [INFO] ApiDb:274 - Set plugin database path to: /Applications/STM32CubeIDE.app/Contents/Eclipse/plugins/com.st.stm32cube.common.mx_6.14.1.202504091515//db//plugins/boardmanager/
2025-05-05 13:03:21,180 [WARN] ApiDb:259 - Overriding images path with different value:  => /Applications/STM32CubeIDE.app/Contents/Eclipse/plugins/com.st.stm32cube.common.mx_6.14.1.202504091515//db//plugins/mcufinder/images/
2025-05-05 13:03:21,185 [INFO] ApiDb:250 - Set database path to: /var/root/.stmcufinder/plugins/mcufinder//mcu/
2025-05-05 13:03:21,186 [INFO] DbMcusAds:125 - Set database path to: /var/root/.stmcufinder/plugins/mcufinder//mcu/
2025-05-05 13:03:21,188 [INFO] CrossReferenceDbSqlite:203 - Set database path to: /var/root/.stmcufinder/plugins/mcufinder//mcu/cs/
2025-05-05 13:03:21,313 [INFO] RulesReader:64 - Compatibility file has been processed (302 Rules)
2025-05-05 13:03:21,378 [INFO] DbMcusXml:78 - Set database path to: /Applications/STM32CubeIDE.app/Contents/Eclipse/plugins/com.st.stm32cube.common.mx_6.14.1.202504091515//db//mcu/
2025-05-05 13:03:21,378 [INFO] ApiDb:274 - Set plugin database path to: /Applications/STM32CubeIDE.app/Contents/Eclipse/plugins/com.st.stm32cube.common.mx_6.14.1.202504091515//db//plugins/boardmanager/
2025-05-05 13:03:21,378 [INFO] ApiDb:261 - Set plugin images path to: /Applications/STM32CubeIDE.app/Contents/Eclipse/plugins/com.st.stm32cube.common.mx_6.14.1.202504091515//db//plugins/mcufinder/images/
2025-05-05 13:03:21,378 [WARN] DbFile:41 - Overriding database path with different value: /var/root/.stmcufinder/plugins/mcufinder/ => /var/root/.stmcufinder/plugins/mcufinder
2025-05-05 13:03:21,379 [INFO] ApiDb:250 - Set database path to: /var/root/.stmcufinder/plugins/mcufinder//mcu/
2025-05-05 13:03:21,379 [WARN] DbFile:41 - Overriding database path with different value: /var/root/.stmcufinder/plugins/mcufinder/ => /var/root/.stmcufinder/plugins/mcufinder
2025-05-05 13:03:21,379 [INFO] DbMcusAds:125 - Set database path to: /var/root/.stmcufinder/plugins/mcufinder//mcu/
2025-05-05 13:03:21,379 [WARN] DbFile:41 - Overriding database path with different value: /var/root/.stmcufinder/plugins/mcufinder/ => /var/root/.stmcufinder/plugins/mcufinder
2025-05-05 13:03:21,379 [WARN] DbFile:41 - Overriding database path with different value: /var/root/.stmcufinder/plugins/mcufinder/ => /var/root/.stmcufinder/plugins/mcufinder
2025-05-05 13:03:21,379 [INFO] CrossReferenceDbSqlite:203 - Set database path to: /var/root/.stmcufinder/plugins/mcufinder//mcu/cs/
2025-05-05 13:03:21,437 [INFO] MainPanel:272 - HeapMemory: 268435456
2025-05-05 13:03:22,075 [INFO] DbMcusXml:78 - Set database path to: /Applications/STM32CubeIDE.app/Contents/Eclipse/plugins/com.st.stm32cube.common.mx_6.14.1.202504091515//db//mcu/
2025-05-05 13:03:22,079 [INFO] ApiDb:274 - Set plugin database path to: /Applications/STM32CubeIDE.app/Contents/Eclipse/plugins/com.st.stm32cube.common.mx_6.14.1.202504091515//db//plugins/boardmanager/
2025-05-05 13:03:22,083 [INFO] ApiDb:261 - Set plugin images path to: /Applications/STM32CubeIDE.app/Contents/Eclipse/plugins/com.st.stm32cube.common.mx_6.14.1.202504091515//db//plugins/mcufinder/images/
2025-05-05 13:03:22,086 [WARN] DbFile:41 - Overriding database path with different value: /var/root/.stmcufinder/plugins/mcufinder/ => /var/root/.stmcufinder/plugins/mcufinder
2025-05-05 13:03:22,086 [INFO] ApiDb:250 - Set database path to: /var/root/.stmcufinder/plugins/mcufinder//mcu/
2025-05-05 13:03:22,086 [WARN] DbFile:41 - Overriding database path with different value: /var/root/.stmcufinder/plugins/mcufinder/ => /var/root/.stmcufinder/plugins/mcufinder
2025-05-05 13:03:22,086 [INFO] DbMcusAds:125 - Set database path to: /var/root/.stmcufinder/plugins/mcufinder//mcu/
2025-05-05 13:03:22,086 [WARN] DbFile:41 - Overriding database path with different value: /var/root/.stmcufinder/plugins/mcufinder/ => /var/root/.stmcufinder/plugins/mcufinder
2025-05-05 13:03:22,086 [WARN] DbFile:41 - Overriding database path with different value: /var/root/.stmcufinder/plugins/mcufinder/ => /var/root/.stmcufinder/plugins/mcufinder
2025-05-05 13:03:22,087 [INFO] CrossReferenceDbSqlite:203 - Set database path to: /var/root/.stmcufinder/plugins/mcufinder//mcu/cs/
2025-05-05 13:03:22,143 [INFO] ApplicationProperties:184 - Using Application install path: /Applications/STM32CubeIDE.app/Contents/Eclipse/plugins/com.st.stm32cube.common.mx_6.14.1.202504091515
2025-05-05 13:03:22,145 [INFO] PluginManage:196 - Search for loadable plugins [exclusion list=, ]
2025-05-05 13:03:22,148 [INFO] PluginManage:310 - Check plugin analytics
2025-05-05 13:03:22,408 [INFO] AnalyticsPlugin:253 - Accepted Software Licenses: 
2025-05-05 13:03:22,409 [INFO] AnalyticsPlugin:255 - Accepted CMSIS Pack Licenses: 
2025-05-05 13:03:22,409 [INFO] AnalyticsPlugin:257 - Accepted Firmware Licenses: 
2025-05-05 13:03:22,425 [INFO] PluginManage:359 - Loaded plugin analytics (category:tool,tabindex:-1)
2025-05-05 13:03:22,430 [INFO] PluginManage:310 - Check plugin cadmodel
2025-05-05 13:03:22,449 [INFO] CADModel:105 - Init CAD model plugin
2025-05-05 13:03:22,449 [INFO] PluginManage:359 - Loaded plugin cadmodel (category:power,tabindex:5)
2025-05-05 13:03:22,450 [INFO] PluginManage:310 - Check plugin clock
2025-05-05 13:03:22,459 [INFO] PluginManage:359 - Loaded plugin clock (category:base,tabindex:2)
2025-05-05 13:03:22,459 [INFO] PluginManage:310 - Check plugin ddr
2025-05-05 13:03:22,460 [INFO] PluginManage:359 - Loaded plugin ddr (category:tool,tabindex:6)
2025-05-05 13:03:22,461 [INFO] PluginManage:310 - Check plugin filemanager
2025-05-05 13:03:22,608 [INFO] PluginManage:359 - Loaded plugin filemanager (category:base,tabindex:10)
2025-05-05 13:03:22,608 [INFO] PluginManage:310 - Check plugin ipmanager
2025-05-05 13:03:22,615 [INFO] PluginManage:359 - Loaded plugin ipmanager (category:base,tabindex:5)
2025-05-05 13:03:22,615 [INFO] PluginManage:310 - Check plugin lpbam
2025-05-05 13:03:22,623 [INFO] PluginManage:359 - Loaded plugin lpbam (category:base,tabindex:0)
2025-05-05 13:03:22,623 [INFO] PluginManage:310 - Check plugin memorymap
2025-05-05 13:03:22,632 [INFO] PluginManage:359 - Loaded plugin memorymap (category:base,tabindex:4)
2025-05-05 13:03:22,632 [INFO] PluginManage:310 - Check plugin pinoutandconfiguration
2025-05-05 13:03:22,641 [INFO] PluginManage:359 - Loaded plugin pinoutandconfiguration (category:base,tabindex:1)
2025-05-05 13:03:22,641 [INFO] PluginManage:310 - Check plugin pinoutconfig
2025-05-05 13:03:22,709 [WARN] SupportedApi:132 - Cannot load RTOS API schema: s4s-elt-must-match.1: The content of 'definitions' must match (annotation?, (simpleType | complexType)?, (unique | key | keyref)*)). A problem was found starting at: attribute.
2025-05-05 13:03:22,834 [INFO] PluginManage:359 - Loaded plugin pinoutconfig (category:base,tabindex:0)
2025-05-05 13:03:22,834 [INFO] PluginManage:310 - Check plugin power
2025-05-05 13:03:22,845 [INFO] PluginManage:359 - Loaded plugin power (category:power,tabindex:4)
2025-05-05 13:03:22,845 [INFO] PluginManage:310 - Check plugin projectmanager
2025-05-05 13:03:22,865 [INFO] PluginManage:359 - Loaded plugin projectmanager (category:projectmanager,tabindex:4)
2025-05-05 13:03:22,865 [INFO] PluginManage:310 - Check plugin rif
2025-05-05 13:03:22,869 [INFO] PluginManage:359 - Loaded plugin rif (category:base,tabindex:3)
2025-05-05 13:03:22,869 [INFO] PluginManage:310 - Check plugin thirdparty
2025-05-05 13:03:23,004 [INFO] PluginManage:359 - Loaded plugin thirdparty (category:base,tabindex:-1)
2025-05-05 13:03:23,004 [WARN] IntegrityCheckThread:84 - waiting for thirdparty lock release [integrity check]
2025-05-05 13:03:23,004 [INFO] PluginManage:310 - Check plugin tools
2025-05-05 13:03:23,005 [INFO] IntegrityCheckThread:86 - entering critical section [integrity check]
2025-05-05 13:03:23,006 [INFO] ThirdPartyUpdaterWithRetryManager:70 - Updater plugin not ready yet. [1/15]
2025-05-05 13:03:23,007 [INFO] PluginManage:359 - Loaded plugin tools (category:base,tabindex:7)
2025-05-05 13:03:23,008 [INFO] PluginManage:310 - Check plugin tutovideos
2025-05-05 13:03:23,148 [INFO] PluginManage:359 - Loaded plugin tutovideos (category:base,tabindex:-1)
2025-05-05 13:03:23,148 [INFO] PluginManage:310 - Check plugin updater
2025-05-05 13:03:23,175 [INFO] PluginManage:359 - Loaded plugin updater (category:base,tabindex:12)
2025-05-05 13:03:23,175 [INFO] PluginManage:310 - Check plugin userauth
2025-05-05 13:03:23,180 [INFO] UserAuth:118 - Init User Auth plugin
2025-05-05 13:03:23,181 [INFO] PluginManage:359 - Loaded plugin userauth (category:base,tabindex:14)
2025-05-05 13:03:23,182 [INFO] PluginManage:283 - PluginManage : Loaded plugins [18]
2025-05-05 13:03:23,385 [INFO] PinOutPanel:1589 - setPackage(No Configuration,No Configuration)
2025-05-05 13:03:23,448 [INFO] CADModel:165 - CPN selected for project level
2025-05-05 13:03:23,448 [INFO] CADModel:114 - Register for checkConnection events
2025-05-05 13:03:23,456 [INFO] IPUIPlugin:80 - create IPUIPlugin
2025-05-05 13:03:23,457 [INFO] PluginManager:220 - loadIPPluginJar : add mdma
2025-05-05 13:03:23,461 [INFO] IPUIPlugin:80 - create IPUIPlugin
2025-05-05 13:03:23,461 [INFO] PluginManager:220 - loadIPPluginJar : add freertos
2025-05-05 13:03:23,463 [INFO] IPUIPlugin:80 - create IPUIPlugin
2025-05-05 13:03:23,464 [INFO] PluginManager:220 - loadIPPluginJar : add gic
2025-05-05 13:03:23,470 [INFO] IPUIPlugin:80 - create IPUIPlugin
2025-05-05 13:03:23,470 [INFO] PluginManager:220 - loadIPPluginJar : add adc
2025-05-05 13:03:23,472 [INFO] IPUIPlugin:80 - create IPUIPlugin
2025-05-05 13:03:23,472 [INFO] PluginManager:220 - loadIPPluginJar : add gtzc
2025-05-05 13:03:23,473 [INFO] IPUIPlugin:80 - create IPUIPlugin
2025-05-05 13:03:23,473 [INFO] PluginManager:220 - loadIPPluginJar : add quadspi
2025-05-05 13:03:23,474 [INFO] IPUIPlugin:80 - create IPUIPlugin
2025-05-05 13:03:23,474 [INFO] PluginManager:220 - loadIPPluginJar : add aes
2025-05-05 13:03:23,476 [INFO] IPUIPlugin:80 - create IPUIPlugin
2025-05-05 13:03:23,476 [INFO] PluginManager:220 - loadIPPluginJar : add pdm2pcm
2025-05-05 13:03:23,477 [INFO] IPUIPlugin:80 - create IPUIPlugin
2025-05-05 13:03:23,477 [INFO] PluginManager:220 - loadIPPluginJar : add hash
2025-05-05 13:03:23,478 [INFO] IPUIPlugin:80 - create IPUIPlugin
2025-05-05 13:03:23,478 [INFO] PluginManager:220 - loadIPPluginJar : add tim
2025-05-05 13:03:23,478 [INFO] IPUIPlugin:80 - create IPUIPlugin
2025-05-05 13:03:23,479 [INFO] PluginManager:220 - loadIPPluginJar : add tsc
2025-05-05 13:03:23,481 [INFO] IPUIPlugin:80 - create IPUIPlugin
2025-05-05 13:03:23,481 [INFO] PluginManager:220 - loadIPPluginJar : add extmemmanager
2025-05-05 13:03:23,482 [INFO] IPUIPlugin:80 - create IPUIPlugin
2025-05-05 13:03:23,482 [INFO] PluginManager:220 - loadIPPluginJar : add ts
2025-05-05 13:03:23,483 [INFO] IPUIPlugin:80 - create IPUIPlugin
2025-05-05 13:03:23,483 [INFO] PluginManager:220 - loadIPPluginJar : add radio
2025-05-05 13:03:23,484 [INFO] IPUIPlugin:80 - create IPUIPlugin
2025-05-05 13:03:23,484 [INFO] PluginManager:220 - loadIPPluginJar : add can
2025-05-05 13:03:23,485 [INFO] IPUIPlugin:80 - create IPUIPlugin
2025-05-05 13:03:23,485 [INFO] PluginManager:220 - loadIPPluginJar : add dma3
2025-05-05 13:03:23,486 [INFO] IPUIPlugin:80 - create IPUIPlugin
2025-05-05 13:03:23,486 [INFO] PluginManager:220 - loadIPPluginJar : add dfsdm
2025-05-05 13:03:23,486 [INFO] IPUIPlugin:80 - create IPUIPlugin
2025-05-05 13:03:23,486 [INFO] PluginManager:220 - loadIPPluginJar : add spi
2025-05-05 13:03:23,487 [INFO] IPUIPlugin:80 - create IPUIPlugin
2025-05-05 13:03:23,487 [INFO] PluginManager:220 - loadIPPluginJar : add gfxmmu
2025-05-05 13:03:23,489 [INFO] IPUIPlugin:80 - create IPUIPlugin
2025-05-05 13:03:23,489 [INFO] PluginManager:220 - loadIPPluginJar : add genericplugin
2025-05-05 13:03:23,489 [INFO] IPUIPlugin:80 - create IPUIPlugin
2025-05-05 13:03:23,490 [INFO] PluginManager:220 - loadIPPluginJar : add cryp
2025-05-05 13:03:23,492 [INFO] IPUIPlugin:80 - create IPUIPlugin
2025-05-05 13:03:23,492 [INFO] PluginManager:220 - loadIPPluginJar : add gpio
2025-05-05 13:03:23,494 [INFO] IPUIPlugin:80 - create IPUIPlugin
2025-05-05 13:03:23,494 [INFO] PluginManager:220 - loadIPPluginJar : add ddr_ctrl_phy
2025-05-05 13:03:23,495 [INFO] IPUIPlugin:80 - create IPUIPlugin
2025-05-05 13:03:23,496 [INFO] PluginManager:220 - loadIPPluginJar : add comp
2025-05-05 13:03:23,497 [INFO] IPUIPlugin:80 - create IPUIPlugin
2025-05-05 13:03:23,498 [INFO] PluginManager:220 - loadIPPluginJar : add tracer_emb
2025-05-05 13:03:23,499 [INFO] IPUIPlugin:80 - create IPUIPlugin
2025-05-05 13:03:23,499 [INFO] PluginManager:220 - loadIPPluginJar : add openamp
2025-05-05 13:03:23,502 [INFO] IPUIPlugin:80 - create IPUIPlugin
2025-05-05 13:03:23,502 [INFO] PluginManager:220 - loadIPPluginJar : add stm32_wpan
2025-05-05 13:03:23,504 [INFO] IPUIPlugin:80 - create IPUIPlugin
2025-05-05 13:03:23,508 [INFO] PluginManager:220 - loadIPPluginJar : add plateformsettings
2025-05-05 13:03:23,509 [INFO] IPUIPlugin:80 - create IPUIPlugin
2025-05-05 13:03:23,510 [INFO] PluginManager:220 - loadIPPluginJar : add ipddr
2025-05-05 13:03:23,511 [INFO] IPUIPlugin:80 - create IPUIPlugin
2025-05-05 13:03:23,511 [INFO] PluginManager:220 - loadIPPluginJar : add usart
2025-05-05 13:03:23,511 [INFO] IPUIPlugin:80 - create IPUIPlugin
2025-05-05 13:03:23,511 [INFO] PluginManager:220 - loadIPPluginJar : add ltdc
2025-05-05 13:03:23,513 [INFO] IPUIPlugin:80 - create IPUIPlugin
2025-05-05 13:03:23,513 [INFO] PluginManager:220 - loadIPPluginJar : add nvic
2025-05-05 13:03:23,513 [INFO] IPUIPlugin:80 - create IPUIPlugin
2025-05-05 13:03:23,513 [INFO] PluginManager:220 - loadIPPluginJar : add fatfs
2025-05-05 13:03:23,517 [INFO] IPUIPlugin:80 - create IPUIPlugin
2025-05-05 13:03:23,517 [INFO] PluginManager:220 - loadIPPluginJar : add linkedlist
2025-05-05 13:03:23,520 [INFO] IPUIPlugin:80 - create IPUIPlugin
2025-05-05 13:03:23,520 [INFO] PluginManager:220 - loadIPPluginJar : add dma
2025-05-05 13:03:23,522 [INFO] IPUIPlugin:80 - create IPUIPlugin
2025-05-05 13:03:23,522 [INFO] PluginManager:220 - loadIPPluginJar : add fmc
2025-05-05 13:03:23,523 [INFO] IPUIPlugin:80 - create IPUIPlugin
2025-05-05 13:03:23,523 [INFO] PluginManager:220 - loadIPPluginJar : add i2s
2025-05-05 13:03:23,524 [INFO] IPUIPlugin:80 - create IPUIPlugin
2025-05-05 13:03:23,524 [INFO] PluginManager:220 - loadIPPluginJar : add ucpd
2025-05-05 13:03:23,525 [INFO] IPUIPlugin:80 - create IPUIPlugin
2025-05-05 13:03:23,525 [INFO] PluginManager:220 - loadIPPluginJar : add lorawan
2025-05-05 13:03:23,526 [INFO] IPUIPlugin:80 - create IPUIPlugin
2025-05-05 13:03:23,526 [INFO] PluginManager:220 - loadIPPluginJar : add opamp
2025-05-05 13:03:23,528 [INFO] IPUIPlugin:80 - create IPUIPlugin
2025-05-05 13:03:23,528 [INFO] PluginManager:220 - loadIPPluginJar : add i3c
2025-05-05 13:03:23,531 [INFO] IPUIPlugin:80 - create IPUIPlugin
2025-05-05 13:03:23,531 [INFO] PluginManager:220 - loadIPPluginJar : add touchsensing
2025-05-05 13:03:23,532 [INFO] IPUIPlugin:80 - create IPUIPlugin
2025-05-05 13:03:23,532 [INFO] PluginManager:220 - loadIPPluginJar : add i2c
2025-05-05 13:03:23,534 [INFO] IPUIPlugin:80 - create IPUIPlugin
2025-05-05 13:03:23,534 [INFO] PluginManager:220 - loadIPPluginJar : add resmgrutility
2025-05-05 13:03:23,536 [INFO] IPUIPlugin:80 - create IPUIPlugin
2025-05-05 13:03:23,536 [INFO] PluginManager:220 - loadIPPluginJar : add sai
2025-05-05 13:03:23,537 [INFO] IPUIPlugin:80 - create IPUIPlugin
2025-05-05 13:03:23,537 [INFO] PluginManager:220 - loadIPPluginJar : add usbx
2025-05-05 13:03:23,642 [FATAL] Updater:351 - Updater called before beeing initialized
2025-05-05 13:03:23,684 [INFO] RulesReader:64 - Compatibility file has been processed (302 Rules)
2025-05-05 13:03:23,694 [INFO] RulesReader:64 - Compatibility file has been processed (302 Rules)
2025-05-05 13:03:23,702 [INFO] CADModel:165 - CPN selected for project level
2025-05-05 13:03:23,702 [INFO] CADModel:114 - Register for checkConnection events
2025-05-05 13:03:23,702 [FATAL] Updater:351 - Updater called before beeing initialized
2025-05-05 13:03:23,702 [ERROR] CADModel:125 - Updater not yet initialized, retry later 
2025-05-05 13:03:23,930 [FATAL] Updater:351 - Updater called before beeing initialized
2025-05-05 13:03:23,932 [INFO] CADModel:165 - CPN selected for project level
2025-05-05 13:03:23,932 [INFO] CADModel:114 - Register for checkConnection events
2025-05-05 13:03:23,932 [FATAL] Updater:351 - Updater called before beeing initialized
2025-05-05 13:03:23,932 [ERROR] CADModel:125 - Updater not yet initialized, retry later 
2025-05-05 13:03:23,934 [FATAL] Updater:351 - Updater called before beeing initialized
2025-05-05 13:03:24,098 [FATAL] Updater:351 - Updater called before beeing initialized
2025-05-05 13:03:24,102 [INFO] DbMcusAds:53 - JSON generation date=Thu Mar 06 09:54:22 EST 2025 (1741272862204)
2025-05-05 13:03:24,102 [FATAL] Updater:351 - Updater called before beeing initialized
2025-05-05 13:03:24,146 [WARN] DetailPanel:346 - Failed to get advertising image, set to default
2025-05-05 13:03:24,331 [FATAL] Updater:351 - Updater called before beeing initialized
2025-05-05 13:03:24,334 [FATAL] Updater:351 - Updater called before beeing initialized
2025-05-05 13:03:24,335 [FATAL] Updater:351 - Updater called before beeing initialized
2025-05-05 13:03:24,335 [WARN] DetailPanel:346 - Failed to get advertising image, set to default
2025-05-05 13:03:24,337 [FATAL] Updater:351 - Updater called before beeing initialized
2025-05-05 13:03:24,390 [ERROR] Updater:1198 - MainUpdater not yet initialized. External WinMGr cannot be set.
2025-05-05 13:03:24,400 [INFO] Updater:1134 - Updater Version found : 6.14.1
2025-05-05 13:03:24,412 [INFO] ApplicationProperties:184 - Using Application install path: /Applications/STM32CubeIDE.app/Contents/Eclipse/plugins/com.st.stm32cube.common.mx_6.14.1.202504091515
2025-05-05 13:03:24,755 [INFO] MainUpdater:2872 - connection check result : 10
2025-05-05 13:03:24,756 [INFO] MainUpdater:289 - Updater Check For Update Now.
2025-05-05 13:03:24,756 [INFO] MicroXplorer:498 - Change Database Version : DB.6.0.141
2025-05-05 13:03:24,766 [INFO] McuFinderGlobals:63 - Set McuFinder mode to 2 (CubeIDE integrated)
2025-05-05 13:03:24,768 [INFO] UserAuth:484 - Internet connection configuration mode: 1
2025-05-05 13:03:24,786 [INFO] JxBrowserEngine:152 - Initiate JxBrowser Engine with user profile folder
2025-05-05 13:03:25,046 [INFO] CheckServerUpdateThread:120 - End of CheckServer Thread
2025-05-05 13:03:26,174 [WARN] PackLoader:240 - Cannot read IP mode file for STMicroelectronics.FP-SNS-MOTENVWB1.1.4.0
2025-05-05 13:03:26,190 [WARN] PackLoader:240 - Cannot read IP mode file for STMicroelectronics.FP-ATR-ASTRA1.2.0.2
2025-05-05 13:03:26,201 [WARN] PackLoader:240 - Cannot read IP mode file for STMicroelectronics.X-CUBE-SMBUS.2.1.0
2025-05-05 13:03:26,212 [WARN] PackLoader:240 - Cannot read IP mode file for STMicroelectronics.X-CUBE-WB05N.1.1.0
2025-05-05 13:03:26,259 [WARN] PackLoader:240 - Cannot read IP mode file for STMicroelectronics.X-CUBE-AZRTOS-F7.1.1.0
2025-05-05 13:03:26,280 [WARN] PackLoader:240 - Cannot read IP mode file for STMicroelectronics.FP-SNS-FLIGHT1.5.0.2
2025-05-05 13:03:26,325 [WARN] PackLoader:240 - Cannot read IP mode file for Infineon.AIROC-Wi-Fi-Bluetooth-STM32.1.7.0
2025-05-05 13:03:26,364 [WARN] PackLoader:240 - Cannot read IP mode file for STMicroelectronics.X-CUBE-DISPLAY.3.0.0
2025-05-05 13:03:26,392 [WARN] PackLoader:240 - Cannot read IP mode file for STMicroelectronics.X-CUBE-BLE1.7.0.0
2025-05-05 13:03:26,406 [WARN] PackLoader:240 - Cannot read IP mode file for STMicroelectronics.X-CUBE-NFC10.1.0.0
2025-05-05 13:03:26,440 [WARN] PackLoader:240 - Cannot read IP mode file for STMicroelectronics.X-CUBE-BLEMGR.4.0.0
2025-05-05 13:03:26,463 [WARN] PackLoader:240 - Cannot read IP mode file for emotas.I-CUBE-CANOPEN.1.3.0
2025-05-05 13:03:26,472 [WARN] PackLoader:240 - Cannot read IP mode file for STMicroelectronics.X-CUBE-AI.10.0.0
2025-05-05 13:03:26,478 [WARN] PackLoader:240 - Cannot read IP mode file for STMicroelectronics.FP-SNS-SMARTAG2.1.2.0
2025-05-05 13:03:26,481 [WARN] PackLoader:240 - Cannot read IP mode file for STMicroelectronics.FP-SNS-FLIGHT1.5.1.0
2025-05-05 13:03:26,585 [WARN] PackLoader:240 - Cannot read IP mode file for STMicroelectronics.X-CUBE-MEMS1.11.1.0
2025-05-05 13:03:26,760 [INFO] LogOutputStream:77 - [STDOUT_REDIRECT] 1 : Invalid condition id : UX_CORESTACK_Condition cause : null
2025-05-05 13:03:26,762 [INFO] LogOutputStream:77 - [STDOUT_REDIRECT] 1 : Invalid condition id : UX_CORESTACK_Condition cause : null
2025-05-05 13:03:26,762 [INFO] LogOutputStream:77 - [STDOUT_REDIRECT] 1 : Invalid condition id : UX_CORESTACK_Condition cause : null
2025-05-05 13:03:26,762 [INFO] LogOutputStream:77 - [STDOUT_REDIRECT] 1 : Invalid condition id : UX_CORESTACK_Condition cause : null
2025-05-05 13:03:26,762 [INFO] LogOutputStream:77 - [STDOUT_REDIRECT] 1 : Invalid condition id : UX_CORESTACK_Condition cause : null
2025-05-05 13:03:26,770 [WARN] PackLoader:240 - Cannot read IP mode file for STMicroelectronics.X-CUBE-AZRTOS-WL.2.0.0
2025-05-05 13:03:26,782 [WARN] PackLoader:240 - Cannot read IP mode file for STMicroelectronics.FP-SNS-MOTENV1.5.0.0
2025-05-05 13:03:26,792 [WARN] PackLoader:240 - Cannot read IP mode file for WES.I-CUBE-Cesium.1.3.0
2025-05-05 13:03:26,797 [WARN] PackLoader:240 - Cannot read IP mode file for STMicroelectronics.X-CUBE-BLE2.3.3.0
2025-05-05 13:03:26,813 [WARN] PackLoader:240 - Cannot read IP mode file for STMicroelectronics.X-CUBE-NFC9.1.0.0
2025-05-05 13:03:26,823 [WARN] PackLoader:240 - Cannot read IP mode file for STMicroelectronics.X-CUBE-BLE1.7.1.0
2025-05-05 13:03:26,826 [WARN] PackLoader:240 - Cannot read IP mode file for wolfSSL.I-CUBE-wolfMQTT.1.19.2
2025-05-05 13:03:26,893 [WARN] PackLoader:240 - Cannot read IP mode file for STMicroelectronics.X-CUBE-MEMS1.11.2.0
2025-05-05 13:03:27,246 [WARN] PackLoader:240 - Cannot read IP mode file for STMicroelectronics.X-CUBE-AZRTOS-G0.1.1.0
2025-05-05 13:03:27,295 [WARN] PackLoader:240 - Cannot read IP mode file for STMicroelectronics.X-CUBE-SAFEA1.1.2.2
2025-05-05 13:03:27,339 [WARN] PackLoader:240 - Cannot read IP mode file for STMicroelectronics.X-CUBE-NFC4.3.0.0
2025-05-05 13:03:27,354 [WARN] PackLoader:240 - Cannot read IP mode file for EmbeddedOffice.I-CUBE-FS-RTOS.1.0.1
2025-05-05 13:03:27,373 [WARN] PackLoader:240 - Cannot read IP mode file for STMicroelectronics.X-CUBE-WB05N.2.0.0
2025-05-05 13:03:27,387 [WARN] PackLoader:240 - Cannot read IP mode file for wolfSSL.I-CUBE-wolfTPM.3.8.0
2025-05-05 13:03:27,391 [WARN] PackLoader:240 - Cannot read IP mode file for STMicroelectronics.X-CUBE-TCPP.4.2.0
2025-05-05 13:03:27,397 [WARN] PackLoader:240 - Cannot read IP mode file for RealThread.X-CUBE-RT-Thread_Nano.4.1.1
2025-05-05 13:03:27,424 [WARN] PackLoader:240 - Cannot read IP mode file for STMicroelectronics.FP-ATR-SIGFOX1.3.2.0
2025-05-05 13:03:27,431 [WARN] ConditionMgr:438 - getConditionDescription Invalid condition id : Cortex-A Device cause : null
2025-05-05 13:03:27,507 [WARN] ConditionMgr:1044 - genDependencies : Invalid condition id : Cortex-A Device cause : null
2025-05-05 13:03:27,509 [WARN] ConditionMgr:1044 - genDependencies : Invalid condition id : Cortex-A Device cause : null
2025-05-05 13:03:27,509 [WARN] ConditionMgr:1044 - genDependencies : Invalid condition id : Cortex-A Device cause : null
2025-05-05 13:03:27,522 [WARN] PackLoader:240 - Cannot read IP mode file for STMicroelectronics.X-CUBE-EEPRMA1.5.1.0
2025-05-05 13:03:27,527 [WARN] PackLoader:240 - Cannot read IP mode file for wolfSSL.I-CUBE-wolfSSL.5.7.6
2025-05-05 13:03:27,535 [WARN] PackLoader:240 - Cannot read IP mode file for ITTIA_DB.I-CUBE-ITTIADB.8.9.0
2025-05-05 13:03:27,575 [WARN] PackLoader:240 - Cannot read IP mode file for SEGGER.I-CUBE-embOS.1.3.1
2025-05-05 13:03:27,615 [WARN] PackLoader:240 - Cannot read IP mode file for STMicroelectronics.X-CUBE-ALGOBUILD.1.4.0
2025-05-05 13:03:27,634 [WARN] PackLoader:240 - Cannot read IP mode file for STMicroelectronics.X-CUBE-AZRTOS-F4.1.1.0
2025-05-05 13:03:27,640 [WARN] PackLoader:240 - Cannot read IP mode file for Avnet-IotConnect.X-CUBE-IoTC-DA16k-PMOD.1.0.0
2025-05-05 13:03:27,646 [WARN] PackLoader:240 - Cannot read IP mode file for STMicroelectronics.X-CUBE-ISPU.2.1.0
2025-05-05 13:03:27,664 [WARN] PackLoader:240 - Cannot read IP mode file for STMicroelectronics.X-CUBE-AZRTOS-L5.2.0.0
2025-05-05 13:03:27,675 [WARN] PackLoader:240 - Cannot read IP mode file for STMicroelectronics.X-CUBE-NFC6.3.1.0
2025-05-05 13:03:27,685 [WARN] PackLoader:240 - Cannot read IP mode file for STMicroelectronics.X-CUBE-DPower.1.2.0
2025-05-05 13:03:27,691 [WARN] PackLoader:240 - Cannot read IP mode file for STMicroelectronics.X-CUBE-FREERTOS.1.3.0
2025-05-05 13:03:27,696 [WARN] PackLoader:240 - Cannot read IP mode file for STMicroelectronics.X-CUBE-NFC7.1.0.1
2025-05-05 13:03:27,700 [WARN] PackLoader:240 - Cannot read IP mode file for STMicroelectronics.X-CUBE-DPower.1.3.0
2025-05-05 13:03:27,720 [WARN] ConditionMgr:438 - getConditionDescription Invalid condition id : LAN8742 Phy interface Condition cause : null
2025-05-05 13:03:27,724 [WARN] PackLoader:240 - Cannot read IP mode file for STMicroelectronics.X-CUBE-AZRTOS-L4.2.0.0
2025-05-05 13:03:27,728 [WARN] ConditionMgr:1044 - genDependencies : Invalid condition id : LAN8742 Phy interface Condition cause : null
2025-05-05 13:03:27,729 [WARN] ConditionMgr:1044 - genDependencies : Invalid condition id : LAN8742 Phy interface Condition cause : null
2025-05-05 13:03:27,730 [WARN] ConditionMgr:1044 - genDependencies : Invalid condition id : LAN8742 Phy interface Condition cause : null
2025-05-05 13:03:27,736 [WARN] PackLoader:240 - Cannot read IP mode file for STMicroelectronics.X-CUBE-SFXS2LP1.4.0.0
2025-05-05 13:03:27,758 [WARN] PackLoader:240 - Cannot read IP mode file for STMicroelectronics.X-CUBE-AZRTOS-H7.3.3.0
2025-05-05 13:03:27,776 [WARN] ConditionMgr:438 - getConditionDescription Invalid condition id : UX DEVICE CLASS RTOS Condition cause : null
2025-05-05 13:03:27,776 [WARN] ConditionMgr:438 - getConditionDescription Invalid condition id : UX DEVICE CLASS RTOS Condition cause : null
2025-05-05 13:03:27,779 [WARN] PackLoader:240 - Cannot read IP mode file for STMicroelectronics.X-CUBE-AZRTOS-WB.2.0.0
2025-05-05 13:03:27,780 [WARN] ConditionMgr:1044 - genDependencies : Invalid condition id : UX DEVICE CLASS RTOS Condition cause : null
2025-05-05 13:03:27,780 [WARN] ConditionMgr:1044 - genDependencies : Invalid condition id : UX DEVICE CLASS RTOS Condition cause : null
2025-05-05 13:03:27,781 [WARN] ConditionMgr:1044 - genDependencies : Invalid condition id : UX DEVICE CLASS RTOS Condition cause : null
2025-05-05 13:03:27,781 [WARN] ConditionMgr:1044 - genDependencies : Invalid condition id : UX DEVICE CLASS RTOS Condition cause : null
2025-05-05 13:03:27,782 [WARN] ConditionMgr:1044 - genDependencies : Invalid condition id : UX DEVICE CLASS RTOS Condition cause : null
2025-05-05 13:03:27,787 [WARN] PackLoader:240 - Cannot read IP mode file for STMicroelectronics.X-CUBE-GNSS1.7.0.1
2025-05-05 13:03:27,802 [WARN] PackLoader:240 - Cannot read IP mode file for STMicroelectronics.X-CUBE-TOUCHGFX.4.25.0
2025-05-05 13:03:27,807 [WARN] PackLoader:240 - Cannot read IP mode file for STMicroelectronics.FP-SNS-STBOX1.2.0.0
2025-05-05 13:03:27,819 [WARN] PackLoader:240 - Cannot read IP mode file for STMicroelectronics.X-CUBE-SUBG2.5.0.0
2025-05-05 13:03:27,850 [WARN] PackLoader:240 - Cannot read IP mode file for STMicroelectronics.X-CUBE-AZRTOS-H7RS.1.1.0
2025-05-05 13:03:27,855 [WARN] PackLoader:240 - Cannot read IP mode file for Cesanta.I-CUBE-Mongoose.7.13.0
2025-05-05 13:03:27,868 [WARN] PackLoader:240 - Cannot read IP mode file for STMicroelectronics.X-CUBE-AZRTOS-G4.2.0.0
2025-05-05 13:03:27,897 [WARN] PackLoader:240 - Cannot read IP mode file for wolfSSL.I-CUBE-wolfSSH.1.4.20
2025-05-05 13:03:27,907 [WARN] PackLoader:240 - Cannot read IP mode file for STMicroelectronics.X-CUBE-NFC7.2.0.0
2025-05-05 13:03:27,923 [WARN] PackLoader:240 - Cannot read IP mode file for STMicroelectronics.X-CUBE-IPS.3.1.0
2025-05-05 13:03:27,930 [WARN] PackLoader:240 - Cannot read IP mode file for STMicroelectronics.X-CUBE-ALS.1.0.2
2025-05-05 13:03:27,933 [WARN] PackLoader:240 - Cannot read IP mode file for STMicroelectronics.X-CUBE-TOUCHGFX.4.24.2
2025-05-05 13:03:27,937 [WARN] PackLoader:240 - Cannot read IP mode file for portGmbH.I-Cube-SoM-uGOAL.1.1.0
2025-05-05 13:03:27,956 [WARN] PackLoader:240 - Cannot read IP mode file for STMicroelectronics.X-CUBE-AZRTOS-H7RS.1.0.0
2025-05-05 13:03:27,969 [WARN] PackLoader:240 - Cannot read IP mode file for STMicroelectronics.X-CUBE-TOF1.3.4.2
2025-05-05 13:03:27,986 [WARN] PackLoader:240 - Cannot read IP mode file for STMicroelectronics.X-CUBE-TOF1.3.4.3
2025-05-05 13:03:27,995 [INFO] ThirdParty:978 - Integrity check success = true
2025-05-05 13:03:27,995 [INFO] IntegrityCheckThread:100 - exiting critical section [integrity check]
2025-05-05 13:03:27,995 [INFO] IntegrityCheckThread:103 - End integrity checks thread
2025-05-05 13:03:28,754 [INFO] WebApp:169 - Instantiating new browser for Auth
2025-05-05 13:03:29,941 [INFO] WebApp:463 - Apply proxy settings
2025-05-05 13:03:29,957 [INFO] WebApp:508 - Chromium authenticates against Manually configured proxy
2025-05-05 13:03:29,975 [INFO] WebApp:516 - Username used for proxy authentication: 
2025-05-05 13:03:30,011 [INFO] WebApp:894 - Register for checkConnection events
2025-05-05 13:03:30,011 [INFO] WebApp:463 - Apply proxy settings
2025-05-05 13:03:30,015 [INFO] WebApp:508 - Chromium authenticates against Manually configured proxy
2025-05-05 13:03:30,015 [INFO] WebApp:516 - Username used for proxy authentication: 
2025-05-05 13:03:30,166 [INFO] WebApp:225 - Starting web application
2025-05-05 13:03:30,166 [INFO] WebApp:593 - Web application path used /Applications/STM32CubeIDE.app/Contents/Eclipse/plugins/com.st.stm32cube.common.mx_6.14.1.202504091515/db/plugins/mcufinder/reactClient1/index.html
2025-05-05 13:03:30,542 [INFO] WebApp:191 - Connection restablished
2025-05-05 13:03:30,790 [INFO] UserAuth:484 - Internet connection configuration mode: 1
